This file contains any messages produced by compilers while
running configure, to aid debugging if configure makes a mistake.

configure:652: gcc -E conftest.c
configure:769: gcc -E  conftest.c >/dev/null 2>conftest.out
configure:857: gcc -E  conftest.c >/dev/null 2>conftest.out
configure:853: minix/config.h: No such file or directory
configure:905: gcc -o conftest -g -O   conftest.c  1>&5
configure:931: gcc -E  conftest.c >/dev/null 2>conftest.out
configure:996: gcc -o conftest -g -O   conftest.c  1>&5
configure:1033: gcc -c -g -O  conftest.c 1>&5
configure:1076: gcc -o conftest -g -O   conftest.c -ldir   1>&5
ld: fatal: library -ldir: not found
ld: fatal: File processing errors. No output written to conftest
collect2: ld returned 1 exit status
configure:1221: gcc -c -g -O  conftest.c 1>&5
configure:1252: gcc -E  conftest.c >/dev/null 2>conftest.out
configure:1252: gcc -E  conftest.c >/dev/null 2>conftest.out
configure:1252: gcc -E  conftest.c >/dev/null 2>conftest.out
configure:1252: gcc -E  conftest.c >/dev/null 2>conftest.out
configure:1252: gcc -E  conftest.c >/dev/null 2>conftest.out
configure:1252: gcc -E  conftest.c >/dev/null 2>conftest.out
configure:1252: gcc -E  conftest.c >/dev/null 2>conftest.out
configure:1291: gcc -c conftest.c -o conftest.o 1>&5
configure:1292: gcc -c conftest.c -o conftest.o 1>&5
configure:1297: cc -c conftest.c 1>&5
configure:1299: cc -c conftest.c -o conftest.o 1>&5
configure:1300: cc -c conftest.c -o conftest.o 1>&5
configure:1381: gcc -c -g -O  conftest.c 1>&5
configure:1491: gcc -o conftest -g -O   conftest.c  1>&5
configure:1491: gcc -o conftest -g -O   conftest.c  1>&5
configure:1491: gcc -o conftest -g -O   conftest.c  1>&5
configure:1491: gcc -o conftest -g -O   conftest.c  1>&5
configure:1491: gcc -o conftest -g -O   conftest.c  1>&5
Undefined			first referenced
 symbol  			    in file
sigsetmask                          /var/tmp/ccm7aYSa.o
ld: fatal: Symbol referencing errors. No output written to conftest
collect2: ld returned 1 exit status
configure:1491: gcc -o conftest -g -O   conftest.c  1>&5
configure:1491: gcc -o conftest -g -O   conftest.c  1>&5
configure:1491: gcc -o conftest -g -O   conftest.c  1>&5
configure:1491: gcc -o conftest -g -O   conftest.c  1>&5
configure:1491: gcc -o conftest -g -O   conftest.c  1>&5
configure:1491: gcc -o conftest -g -O   conftest.c  1>&5
configure:1491: gcc -o conftest -g -O   conftest.c  1>&5
configure:1491: gcc -o conftest -g -O   conftest.c  1>&5
configure:1526: gcc -o conftest -g -O   conftest.c  1>&5
Undefined			first referenced
 symbol  			    in file
sys_siglist                         /var/tmp/cc1JVzkc.o
ld: fatal: Symbol referencing errors. No output written to conftest
collect2: ld returned 1 exit status
configure:1560: gcc -o conftest -g -O   conftest.c  1>&5
configure:1608: gcc -o conftest -g -O   conftest.c  1>&5
configure:1775: gcc -E  conftest.c >/dev/null 2>conftest.out
configure:1771: vfork.h: No such file or directory
configure:1943: gcc -o conftest -g -O   conftest.c  1>&5
configure:1983: gcc -o conftest -g -O   conftest.c  1>&5
configure: In function `main':
configure:1976: warning: passing arg 2 of `setvbuf' makes pointer from integer without a cast
configure:1976: warning: passing arg 3 of `setvbuf' makes integer from pointer without a cast
configure:2027: gcc -o conftest -g -O   conftest.c -lelf   1>&5
configure:2065: gcc -o conftest -g -O   conftest.c -lkvm  -lelf  1>&5
configure:2104: gcc -o conftest -g -O   conftest.c -lutil  -lkvm -lelf  1>&5
ld: fatal: library -lutil: not found
ld: fatal: File processing errors. No output written to conftest
collect2: ld returned 1 exit status
configure:2147: gcc -o conftest -g -O   conftest.c -lgetloadavg  -L/usr/local/lib -lkvm -lelf  1>&5
ld: fatal: library -lgetloadavg: not found
ld: fatal: File processing errors. No output written to conftest
collect2: ld returned 1 exit status
configure:2200: gcc -o conftest -g -O   conftest.c -L/usr/local/lib -lkvm -lelf  1>&5
configure:2573: gcc -o conftest -g -O   conftest.c -L/usr/local/lib -lkvm -lelf  1>&5
configure:2606: gcc -E  conftest.c >/dev/null 2>conftest.out
configure:2660: gcc -o conftest -g -O   conftest.c -L/usr/local/lib -lkvm -lelf  1>&5
configure:2660: gcc -o conftest -g -O   conftest.c -L/usr/local/lib -lkvm -lelf  1>&5
configure:2711: gcc -o conftest -g -O   conftest.c -L/usr/local/lib -lkvm -lelf  1>&5
configure: In function `t':
configure:2692: storage size of `status' isn't known
configure:2700: `blow' undeclared (first use in this function)
configure:2700: (Each undeclared identifier is reported only once
configure:2700: for each function it appears in.)
configure:2700: parse error before `chunks'
configure:2748: gcc -c -g -O  conftest.c 1>&5
configure: In function `t':
configure:2744: `sys_siglist' undeclared (first use in this function)
configure:2744: (Each undeclared identifier is reported only once
configure:2744: for each function it appears in.)
configure:2790: gcc -o conftest -g -O   conftest.c -lsun  -L/usr/local/lib -lkvm -lelf  1>&5
ld: fatal: library -lsun: not found
ld: fatal: File processing errors. No output written to conftest
collect2: ld returned 1 exit status
