This file contains any messages produced by compilers while
running configure, to aid debugging if configure makes a mistake.

It was created by configure, which was
generated by GNU Autoconf 2.69.  Invocation command line was

  $ ./configure --disable-gui --without-x --disable-gpm

## --------- ##
## Platform. ##
## --------- ##

hostname = qx-debloat
uname -m = x86_64
uname -r = 4.4.0-66-generic
uname -s = Linux
uname -v = #87-Ubuntu SMP Fri Mar 3 15:29:05 UTC 2017

/usr/bin/uname -p = unknown
/bin/uname -X     = unknown

/bin/arch              = unknown
/usr/bin/arch -k       = unknown
/usr/convex/getsysinfo = unknown
/usr/bin/hostinfo      = unknown
/bin/machine           = unknown
/usr/bin/oslevel       = unknown
/bin/universe          = unknown

PATH: /home/qxin6/.opam/system/bin
PATH: /home/qxin6/junit
PATH: /usr/lib/jvm/java-1.8.0-openjdk-amd64/bin
PATH: /home/qxin6/.local/bin
PATH: /home/qxin6/chisel/build/bin
PATH: /home/qxin6/llvm-project/build/bin
PATH: /usr/local/sbin
PATH: /usr/local/bin
PATH: /usr/sbin
PATH: /usr/bin
PATH: /sbin
PATH: /bin
PATH: /usr/games
PATH: /usr/local/games
PATH: /snap/bin
PATH: /home/qxin6/.dotnet/tools


## ----------- ##
## Core tests. ##
## ----------- ##

configure:2257: checking whether make sets $(MAKE)
configure:2279: result: yes
configure:2337: checking for gcc
configure:2364: result: gcc
configure:2593: checking for C compiler version
configure:2602: gcc --version >&5
gcc (Ubuntu 6.5.0-2ubuntu1~18.04) 6.5.0 20181026
Copyright (C) 2017 Free Software Foundation, Inc.
This is free software; see the source for copying conditions.  There is NO
warranty; not even for MERCHANTABILITY or FITNESS FOR A PARTICULAR PURPOSE.

configure:2613: $? = 0
configure:2602: gcc -v >&5
Using built-in specs.
COLLECT_GCC=gcc
COLLECT_LTO_WRAPPER=/usr/lib/gcc/x86_64-linux-gnu/6/lto-wrapper
Target: x86_64-linux-gnu
Configured with: ../src/configure -v --with-pkgversion='Ubuntu 6.5.0-2ubuntu1~18.04' --with-bugurl=file:///usr/share/doc/gcc-6/README.Bugs --enable-languages=c,ada,c++,go,d,fortran,objc,obj-c++ --prefix=/usr --with-as=/usr/bin/x86_64-linux-gnu-as --with-ld=/usr/bin/x86_64-linux-gnu-ld --program-suffix=-6 --program-prefix=x86_64-linux-gnu- --enable-shared --enable-linker-build-id --libexecdir=/usr/lib --without-included-gettext --enable-threads=posix --libdir=/usr/lib --enable-nls --with-sysroot=/ --enable-clocale=gnu --enable-libstdcxx-debug --enable-libstdcxx-time=yes --with-default-libstdcxx-abi=new --enable-gnu-unique-object --disable-vtable-verify --enable-libmpx --enable-plugin --enable-default-pie --with-system-zlib --with-target-system-zlib --enable-objc-gc=auto --enable-multiarch --disable-werror --with-arch-32=i686 --with-abi=m64 --with-multilib-list=m32,m64,mx32 --enable-multilib --with-tune=generic --enable-checking=release --build=x86_64-linux-gnu --host=x86_64-linux-gnu --target=x86_64-linux-gnu
Thread model: posix
gcc version 6.5.0 20181026 (Ubuntu 6.5.0-2ubuntu1~18.04) 
configure:2613: $? = 0
configure:2602: gcc -V >&5
gcc: error: unrecognized command line option '-V'
gcc: fatal error: no input files
compilation terminated.
configure:2613: $? = 1
configure:2602: gcc -qversion >&5
gcc: error: unrecognized command line option '-qversion'; did you mean '--version'?
gcc: fatal error: no input files
compilation terminated.
configure:2613: $? = 1
configure:2633: checking whether the C compiler works
configure:2655: gcc -O   conftest.c  >&5
configure:2659: $? = 0
configure:2707: result: yes
configure:2710: checking for C compiler default output file name
configure:2712: result: a.out
configure:2718: checking for suffix of executables
configure:2725: gcc -o conftest -O   conftest.c  >&5
configure:2729: $? = 0
configure:2751: result: 
configure:2773: checking whether we are cross compiling
configure:2781: gcc -o conftest -O   conftest.c  >&5
configure:2785: $? = 0
configure:2792: ./conftest
configure:2796: $? = 0
configure:2811: result: no
configure:2816: checking for suffix of object files
configure:2838: gcc -c -O  conftest.c >&5
configure:2842: $? = 0
configure:2863: result: o
configure:2867: checking whether we are using the GNU C compiler
configure:2886: gcc -c -O  conftest.c >&5
configure:2886: $? = 0
configure:2895: result: yes
configure:2904: checking whether gcc accepts -g
configure:2924: gcc -c -g  conftest.c >&5
configure:2924: $? = 0
configure:2965: result: yes
configure:2982: checking for gcc option to accept ISO C89
configure:3045: gcc  -c -O  conftest.c >&5
configure:3045: $? = 0
configure:3058: result: none needed
configure:3082: checking how to run the C preprocessor
configure:3113: gcc -E  conftest.c
configure:3113: $? = 0
configure:3127: gcc -E  conftest.c
conftest.c:10:28: fatal error: ac_nonexistent.h: No such file or directory
 #include <ac_nonexistent.h>
                            ^
compilation terminated.
configure:3127: $? = 1
configure: failed program was:
| /* confdefs.h */
| #define PACKAGE_NAME ""
| #define PACKAGE_TARNAME ""
| #define PACKAGE_VERSION ""
| #define PACKAGE_STRING ""
| #define PACKAGE_BUGREPORT ""
| #define PACKAGE_URL ""
| #define UNIX 1
| /* end confdefs.h.  */
| #include <ac_nonexistent.h>
configure:3152: result: gcc -E
configure:3172: gcc -E  conftest.c
configure:3172: $? = 0
configure:3186: gcc -E  conftest.c
conftest.c:10:28: fatal error: ac_nonexistent.h: No such file or directory
 #include <ac_nonexistent.h>
                            ^
compilation terminated.
configure:3186: $? = 1
configure: failed program was:
| /* confdefs.h */
| #define PACKAGE_NAME ""
| #define PACKAGE_TARNAME ""
| #define PACKAGE_VERSION ""
| #define PACKAGE_STRING ""
| #define PACKAGE_BUGREPORT ""
| #define PACKAGE_URL ""
| #define UNIX 1
| /* end confdefs.h.  */
| #include <ac_nonexistent.h>
configure:3214: checking for library containing strerror
configure:3245: gcc -o conftest -O   conftest.c  >&5
configure:3245: $? = 0
configure:3262: result: none required
configure:3273: checking for gawk
configure:3289: found /usr/bin/gawk
configure:3300: result: gawk
configure:3313: checking for strip
configure:3329: found /usr/bin/strip
configure:3341: result: strip
configure:3364: checking for buggy tools...
configure:3369: checking for BeOS
configure:3376: result: no
configure:3384: checking --enable-max-features argument
configure:3393: result: no
configure:3399: checking --enable-min-features argument
configure:3408: result: no
configure:3417: checking --enable-perlinterp argument
configure:3426: result: no
configure:3513: checking --enable-pythoninterp argument
configure:3522: result: no
configure:3745: checking --enable-tclinterp argument
configure:3754: result: no
configure:3987: checking --enable-cscope argument
configure:3996: result: no
configure:4003: checking --enable-multibyte argument
configure:4012: result: no
configure:4019: checking --enable-hangulinput argument
configure:4028: result: no
configure:4039: checking --enable-xim argument
configure:4048: result: no
configure:4051: checking --enable-fontset argument
configure:4060: result: no
configure:4063: checking --enable-broken-locale argument
configure:4072: result: no
configure:4082: result: defaulting to: don't HAVE_X11
configure:5008: checking --enable-gui argument
configure:5049: result: no GUI support
configure:5636: checking quality of toupper
configure:5646: gcc -o conftest -O -Wall   conftest.c  >&5
conftest.c:11:1: warning: return type defaults to 'int' [-Wimplicit-int]
 main() { exit(toupper('A') == 'A' && tolower('z') == 'z'); }
 ^~~~
conftest.c: In function 'main':
conftest.c:11:10: warning: implicit declaration of function 'exit' [-Wimplicit-function-declaration]
 main() { exit(toupper('A') == 'A' && tolower('z') == 'z'); }
          ^~~~
conftest.c:11:10: warning: incompatible implicit declaration of built-in function 'exit'
conftest.c:11:10: note: include '<stdlib.h>' or provide a declaration of 'exit'
configure:5646: $? = 0
configure:5646: ./conftest
configure:5646: $? = 1
configure: program exited with status 1
configure: failed program was:
| /* confdefs.h */
| #define PACKAGE_NAME ""
| #define PACKAGE_TARNAME ""
| #define PACKAGE_VERSION ""
| #define PACKAGE_STRING ""
| #define PACKAGE_BUGREPORT ""
| #define PACKAGE_URL ""
| #define UNIX 1
| /* end confdefs.h.  */
| #include <ctype.h>
| main() { exit(toupper('A') == 'A' && tolower('z') == 'z'); }
configure:5651: result: good
configure:5659: checking whether __DATE__ and __TIME__ work
configure:5672: gcc -c -O -Wall  conftest.c >&5
conftest.c: In function 'main':
conftest.c:14:1: warning: implicit declaration of function 'printf' [-Wimplicit-function-declaration]
 printf("(" __DATE__ " " __TIME__ ")");
 ^~~~~~
conftest.c:14:1: warning: incompatible implicit declaration of built-in function 'printf'
conftest.c:14:1: note: include '<stdio.h>' or provide a declaration of 'printf'
configure:5672: $? = 0
configure:5673: result: yes
configure:5682: checking for grep that handles long lines and -e
configure:5740: result: /bin/grep
configure:5745: checking for egrep
configure:5807: result: /bin/grep -E
configure:5812: checking for ANSI C header files
configure:5832: gcc -c -O -Wall  conftest.c >&5
configure:5832: $? = 0
configure:5905: gcc -o conftest -O -Wall   conftest.c  >&5
configure:5905: $? = 0
configure:5905: ./conftest
configure:5905: $? = 0
configure:5916: result: yes
configure:5929: checking for sys/types.h
configure:5929: gcc -c -O -Wall  conftest.c >&5
configure:5929: $? = 0
configure:5929: result: yes
configure:5929: checking for sys/stat.h
configure:5929: gcc -c -O -Wall  conftest.c >&5
configure:5929: $? = 0
configure:5929: result: yes
configure:5929: checking for stdlib.h
configure:5929: gcc -c -O -Wall  conftest.c >&5
configure:5929: $? = 0
configure:5929: result: yes
configure:5929: checking for string.h
configure:5929: gcc -c -O -Wall  conftest.c >&5
configure:5929: $? = 0
configure:5929: result: yes
configure:5929: checking for memory.h
configure:5929: gcc -c -O -Wall  conftest.c >&5
configure:5929: $? = 0
configure:5929: result: yes
configure:5929: checking for strings.h
configure:5929: gcc -c -O -Wall  conftest.c >&5
configure:5929: $? = 0
configure:5929: result: yes
configure:5929: checking for inttypes.h
configure:5929: gcc -c -O -Wall  conftest.c >&5
configure:5929: $? = 0
configure:5929: result: yes
configure:5929: checking for stdint.h
configure:5929: gcc -c -O -Wall  conftest.c >&5
configure:5929: $? = 0
configure:5929: result: yes
configure:5929: checking for unistd.h
configure:5929: gcc -c -O -Wall  conftest.c >&5
configure:5929: $? = 0
configure:5929: result: yes
configure:5941: checking elf.h usability
configure:5941: gcc -c -O -Wall  conftest.c >&5
configure:5941: $? = 0
configure:5941: result: yes
configure:5941: checking elf.h presence
configure:5941: gcc -E  conftest.c
configure:5941: $? = 0
configure:5941: result: yes
configure:5941: checking for elf.h
configure:5941: result: yes
configure:5948: checking for main in -lelf
configure:5967: gcc -o conftest -O -Wall   conftest.c -lelf   >&5
/usr/bin/x86_64-linux-gnu-ld: cannot find -lelf
collect2: error: ld returned 1 exit status
configure:5967: $? = 1
configure: failed program was:
| /* confdefs.h */
| #define PACKAGE_NAME ""
| #define PACKAGE_TARNAME ""
| #define PACKAGE_VERSION ""
| #define PACKAGE_STRING ""
| #define PACKAGE_BUGREPORT ""
| #define PACKAGE_URL ""
| #define UNIX 1
| #define HAVE_DATE_TIME 1
| #define STDC_HEADERS 1
| #define HAVE_SYS_TYPES_H 1
| #define HAVE_SYS_STAT_H 1
| #define HAVE_STDLIB_H 1
| #define HAVE_STRING_H 1
| #define HAVE_MEMORY_H 1
| #define HAVE_STRINGS_H 1
| #define HAVE_INTTYPES_H 1
| #define HAVE_STDINT_H 1
| #define HAVE_UNISTD_H 1
| #define SVR4 1
| /* end confdefs.h.  */
| 
| 
| int
| main ()
| {
| return main ();
|   ;
|   return 0;
| }
configure:5976: result: no
configure:5991: checking for dirent.h that defines DIR
configure:6010: gcc -c -O -Wall  conftest.c >&5
configure:6010: $? = 0
configure:6018: result: yes
configure:6031: checking for library containing opendir
configure:6062: gcc -o conftest -O -Wall   conftest.c  >&5
configure:6062: $? = 0
configure:6079: result: none required
configure:6147: checking for ANSI C header files
configure:6251: result: yes
configure:6259: checking for sys/wait.h that is POSIX.1 compatible
configure:6285: gcc -c -O -Wall  conftest.c >&5
configure:6285: $? = 0
configure:6292: result: yes
configure:6336: checking for stdlib.h
configure:6336: result: yes
configure:6336: checking for string.h
configure:6336: result: yes
configure:6336: checking sys/select.h usability
configure:6336: gcc -c -O -Wall  conftest.c >&5
configure:6336: $? = 0
configure:6336: result: yes
configure:6336: checking sys/select.h presence
configure:6336: gcc -E  conftest.c
configure:6336: $? = 0
configure:6336: result: yes
configure:6336: checking for sys/select.h
configure:6336: result: yes
configure:6336: checking sys/utsname.h usability
configure:6336: gcc -c -O -Wall  conftest.c >&5
configure:6336: $? = 0
configure:6336: result: yes
configure:6336: checking sys/utsname.h presence
configure:6336: gcc -E  conftest.c
configure:6336: $? = 0
configure:6336: result: yes
configure:6336: checking for sys/utsname.h
configure:6336: result: yes
configure:6336: checking termcap.h usability
configure:6336: gcc -c -O -Wall  conftest.c >&5
configure:6336: $? = 0
configure:6336: result: yes
configure:6336: checking termcap.h presence
configure:6336: gcc -E  conftest.c
configure:6336: $? = 0
configure:6336: result: yes
configure:6336: checking for termcap.h
configure:6336: result: yes
configure:6336: checking fcntl.h usability
configure:6336: gcc -c -O -Wall  conftest.c >&5
configure:6336: $? = 0
configure:6336: result: yes
configure:6336: checking fcntl.h presence
configure:6336: gcc -E  conftest.c
configure:6336: $? = 0
configure:6336: result: yes
configure:6336: checking for fcntl.h
configure:6336: result: yes
configure:6336: checking sgtty.h usability
configure:6336: gcc -c -O -Wall  conftest.c >&5
configure:6336: $? = 0
configure:6336: result: yes
configure:6336: checking sgtty.h presence
configure:6336: gcc -E  conftest.c
configure:6336: $? = 0
configure:6336: result: yes
configure:6336: checking for sgtty.h
configure:6336: result: yes
configure:6336: checking sys/ioctl.h usability
configure:6336: gcc -c -O -Wall  conftest.c >&5
configure:6336: $? = 0
configure:6336: result: yes
configure:6336: checking sys/ioctl.h presence
configure:6336: gcc -E  conftest.c
configure:6336: $? = 0
configure:6336: result: yes
configure:6336: checking for sys/ioctl.h
configure:6336: result: yes
configure:6336: checking sys/time.h usability
configure:6336: gcc -c -O -Wall  conftest.c >&5
configure:6336: $? = 0
configure:6336: result: yes
configure:6336: checking sys/time.h presence
configure:6336: gcc -E  conftest.c
configure:6336: $? = 0
configure:6336: result: yes
configure:6336: checking for sys/time.h
configure:6336: result: yes
configure:6336: checking termio.h usability
configure:6336: gcc -c -O -Wall  conftest.c >&5
configure:6336: $? = 0
configure:6336: result: yes
configure:6336: checking termio.h presence
configure:6336: gcc -E  conftest.c
configure:6336: $? = 0
configure:6336: result: yes
configure:6336: checking for termio.h
configure:6336: result: yes
configure:6336: checking for unistd.h
configure:6336: result: yes
configure:6336: checking stropts.h usability
configure:6336: gcc -c -O -Wall  conftest.c >&5
configure:6336: $? = 0
configure:6336: result: yes
configure:6336: checking stropts.h presence
configure:6336: gcc -E  conftest.c
configure:6336: $? = 0
configure:6336: result: yes
configure:6336: checking for stropts.h
configure:6336: result: yes
configure:6336: checking errno.h usability
configure:6336: gcc -c -O -Wall  conftest.c >&5
configure:6336: $? = 0
configure:6336: result: yes
configure:6336: checking errno.h presence
configure:6336: gcc -E  conftest.c
configure:6336: $? = 0
configure:6336: result: yes
configure:6336: checking for errno.h
configure:6336: result: yes
configure:6336: checking for strings.h
configure:6336: result: yes
configure:6336: checking sys/systeminfo.h usability
configure:6336: gcc -c -O -Wall  conftest.c >&5
conftest.c:72:28: fatal error: sys/systeminfo.h: No such file or directory
 #include <sys/systeminfo.h>
                            ^
compilation terminated.
configure:6336: $? = 1
configure: failed program was:
| /* confdefs.h */
| #define PACKAGE_NAME ""
| #define PACKAGE_TARNAME ""
| #define PACKAGE_VERSION ""
| #define PACKAGE_STRING ""
| #define PACKAGE_BUGREPORT ""
| #define PACKAGE_URL ""
| #define UNIX 1
| #define HAVE_DATE_TIME 1
| #define STDC_HEADERS 1
| #define HAVE_SYS_TYPES_H 1
| #define HAVE_SYS_STAT_H 1
| #define HAVE_STDLIB_H 1
| #define HAVE_STRING_H 1
| #define HAVE_MEMORY_H 1
| #define HAVE_STRINGS_H 1
| #define HAVE_INTTYPES_H 1
| #define HAVE_STDINT_H 1
| #define HAVE_UNISTD_H 1
| #define SVR4 1
| #define HAVE_DIRENT_H 1
| #define STDC_HEADERS 1
| #define HAVE_SYS_WAIT_H 1
| #define HAVE_STDLIB_H 1
| #define HAVE_STRING_H 1
| #define HAVE_SYS_SELECT_H 1
| #define HAVE_SYS_UTSNAME_H 1
| #define HAVE_TERMCAP_H 1
| #define HAVE_FCNTL_H 1
| #define HAVE_SGTTY_H 1
| #define HAVE_SYS_IOCTL_H 1
| #define HAVE_SYS_TIME_H 1
| #define HAVE_TERMIO_H 1
| #define HAVE_UNISTD_H 1
| #define HAVE_STROPTS_H 1
| #define HAVE_ERRNO_H 1
| #define HAVE_STRINGS_H 1
| /* end confdefs.h.  */
| #include <stdio.h>
| #ifdef HAVE_SYS_TYPES_H
| # include <sys/types.h>
| #endif
| #ifdef HAVE_SYS_STAT_H
| # include <sys/stat.h>
| #endif
| #ifdef STDC_HEADERS
| # include <stdlib.h>
| # include <stddef.h>
| #else
| # ifdef HAVE_STDLIB_H
| #  include <stdlib.h>
| # endif
| #endif
| #ifdef HAVE_STRING_H
| # if !defined STDC_HEADERS && defined HAVE_MEMORY_H
| #  include <memory.h>
| # endif
| # include <string.h>
| #endif
| #ifdef HAVE_STRINGS_H
| # include <strings.h>
| #endif
| #ifdef HAVE_INTTYPES_H
| # include <inttypes.h>
| #endif
| #ifdef HAVE_STDINT_H
| # include <stdint.h>
| #endif
| #ifdef HAVE_UNISTD_H
| # include <unistd.h>
| #endif
| #include <sys/systeminfo.h>
configure:6336: result: no
configure:6336: checking sys/systeminfo.h presence
configure:6336: gcc -E  conftest.c
conftest.c:39:28: fatal error: sys/systeminfo.h: No such file or directory
 #include <sys/systeminfo.h>
                            ^
compilation terminated.
configure:6336: $? = 1
configure: failed program was:
| /* confdefs.h */
| #define PACKAGE_NAME ""
| #define PACKAGE_TARNAME ""
| #define PACKAGE_VERSION ""
| #define PACKAGE_STRING ""
| #define PACKAGE_BUGREPORT ""
| #define PACKAGE_URL ""
| #define UNIX 1
| #define HAVE_DATE_TIME 1
| #define STDC_HEADERS 1
| #define HAVE_SYS_TYPES_H 1
| #define HAVE_SYS_STAT_H 1
| #define HAVE_STDLIB_H 1
| #define HAVE_STRING_H 1
| #define HAVE_MEMORY_H 1
| #define HAVE_STRINGS_H 1
| #define HAVE_INTTYPES_H 1
| #define HAVE_STDINT_H 1
| #define HAVE_UNISTD_H 1
| #define SVR4 1
| #define HAVE_DIRENT_H 1
| #define STDC_HEADERS 1
| #define HAVE_SYS_WAIT_H 1
| #define HAVE_STDLIB_H 1
| #define HAVE_STRING_H 1
| #define HAVE_SYS_SELECT_H 1
| #define HAVE_SYS_UTSNAME_H 1
| #define HAVE_TERMCAP_H 1
| #define HAVE_FCNTL_H 1
| #define HAVE_SGTTY_H 1
| #define HAVE_SYS_IOCTL_H 1
| #define HAVE_SYS_TIME_H 1
| #define HAVE_TERMIO_H 1
| #define HAVE_UNISTD_H 1
| #define HAVE_STROPTS_H 1
| #define HAVE_ERRNO_H 1
| #define HAVE_STRINGS_H 1
| /* end confdefs.h.  */
| #include <sys/systeminfo.h>
configure:6336: result: no
configure:6336: checking for sys/systeminfo.h
configure:6336: result: no
configure:6336: checking locale.h usability
configure:6336: gcc -c -O -Wall  conftest.c >&5
configure:6336: $? = 0
configure:6336: result: yes
configure:6336: checking locale.h presence
configure:6336: gcc -E  conftest.c
configure:6336: $? = 0
configure:6336: result: yes
configure:6336: checking for locale.h
configure:6336: result: yes
configure:6336: checking sys/stream.h usability
configure:6336: gcc -c -O -Wall  conftest.c >&5
conftest.c:73:24: fatal error: sys/stream.h: No such file or directory
 #include <sys/stream.h>
                        ^
compilation terminated.
configure:6336: $? = 1
configure: failed program was:
| /* confdefs.h */
| #define PACKAGE_NAME ""
| #define PACKAGE_TARNAME ""
| #define PACKAGE_VERSION ""
| #define PACKAGE_STRING ""
| #define PACKAGE_BUGREPORT ""
| #define PACKAGE_URL ""
| #define UNIX 1
| #define HAVE_DATE_TIME 1
| #define STDC_HEADERS 1
| #define HAVE_SYS_TYPES_H 1
| #define HAVE_SYS_STAT_H 1
| #define HAVE_STDLIB_H 1
| #define HAVE_STRING_H 1
| #define HAVE_MEMORY_H 1
| #define HAVE_STRINGS_H 1
| #define HAVE_INTTYPES_H 1
| #define HAVE_STDINT_H 1
| #define HAVE_UNISTD_H 1
| #define SVR4 1
| #define HAVE_DIRENT_H 1
| #define STDC_HEADERS 1
| #define HAVE_SYS_WAIT_H 1
| #define HAVE_STDLIB_H 1
| #define HAVE_STRING_H 1
| #define HAVE_SYS_SELECT_H 1
| #define HAVE_SYS_UTSNAME_H 1
| #define HAVE_TERMCAP_H 1
| #define HAVE_FCNTL_H 1
| #define HAVE_SGTTY_H 1
| #define HAVE_SYS_IOCTL_H 1
| #define HAVE_SYS_TIME_H 1
| #define HAVE_TERMIO_H 1
| #define HAVE_UNISTD_H 1
| #define HAVE_STROPTS_H 1
| #define HAVE_ERRNO_H 1
| #define HAVE_STRINGS_H 1
| #define HAVE_LOCALE_H 1
| /* end confdefs.h.  */
| #include <stdio.h>
| #ifdef HAVE_SYS_TYPES_H
| # include <sys/types.h>
| #endif
| #ifdef HAVE_SYS_STAT_H
| # include <sys/stat.h>
| #endif
| #ifdef STDC_HEADERS
| # include <stdlib.h>
| # include <stddef.h>
| #else
| # ifdef HAVE_STDLIB_H
| #  include <stdlib.h>
| # endif
| #endif
| #ifdef HAVE_STRING_H
| # if !defined STDC_HEADERS && defined HAVE_MEMORY_H
| #  include <memory.h>
| # endif
| # include <string.h>
| #endif
| #ifdef HAVE_STRINGS_H
| # include <strings.h>
| #endif
| #ifdef HAVE_INTTYPES_H
| # include <inttypes.h>
| #endif
| #ifdef HAVE_STDINT_H
| # include <stdint.h>
| #endif
| #ifdef HAVE_UNISTD_H
| # include <unistd.h>
| #endif
| #include <sys/stream.h>
configure:6336: result: no
configure:6336: checking sys/stream.h presence
configure:6336: gcc -E  conftest.c
conftest.c:40:24: fatal error: sys/stream.h: No such file or directory
 #include <sys/stream.h>
                        ^
compilation terminated.
configure:6336: $? = 1
configure: failed program was:
| /* confdefs.h */
| #define PACKAGE_NAME ""
| #define PACKAGE_TARNAME ""
| #define PACKAGE_VERSION ""
| #define PACKAGE_STRING ""
| #define PACKAGE_BUGREPORT ""
| #define PACKAGE_URL ""
| #define UNIX 1
| #define HAVE_DATE_TIME 1
| #define STDC_HEADERS 1
| #define HAVE_SYS_TYPES_H 1
| #define HAVE_SYS_STAT_H 1
| #define HAVE_STDLIB_H 1
| #define HAVE_STRING_H 1
| #define HAVE_MEMORY_H 1
| #define HAVE_STRINGS_H 1
| #define HAVE_INTTYPES_H 1
| #define HAVE_STDINT_H 1
| #define HAVE_UNISTD_H 1
| #define SVR4 1
| #define HAVE_DIRENT_H 1
| #define STDC_HEADERS 1
| #define HAVE_SYS_WAIT_H 1
| #define HAVE_STDLIB_H 1
| #define HAVE_STRING_H 1
| #define HAVE_SYS_SELECT_H 1
| #define HAVE_SYS_UTSNAME_H 1
| #define HAVE_TERMCAP_H 1
| #define HAVE_FCNTL_H 1
| #define HAVE_SGTTY_H 1
| #define HAVE_SYS_IOCTL_H 1
| #define HAVE_SYS_TIME_H 1
| #define HAVE_TERMIO_H 1
| #define HAVE_UNISTD_H 1
| #define HAVE_STROPTS_H 1
| #define HAVE_ERRNO_H 1
| #define HAVE_STRINGS_H 1
| #define HAVE_LOCALE_H 1
| /* end confdefs.h.  */
| #include <sys/stream.h>
configure:6336: result: no
configure:6336: checking for sys/stream.h
configure:6336: result: no
configure:6336: checking sys/ptem.h usability
configure:6336: gcc -c -O -Wall  conftest.c >&5
conftest.c:73:22: fatal error: sys/ptem.h: No such file or directory
 #include <sys/ptem.h>
                      ^
compilation terminated.
configure:6336: $? = 1
configure: failed program was:
| /* confdefs.h */
| #define PACKAGE_NAME ""
| #define PACKAGE_TARNAME ""
| #define PACKAGE_VERSION ""
| #define PACKAGE_STRING ""
| #define PACKAGE_BUGREPORT ""
| #define PACKAGE_URL ""
| #define UNIX 1
| #define HAVE_DATE_TIME 1
| #define STDC_HEADERS 1
| #define HAVE_SYS_TYPES_H 1
| #define HAVE_SYS_STAT_H 1
| #define HAVE_STDLIB_H 1
| #define HAVE_STRING_H 1
| #define HAVE_MEMORY_H 1
| #define HAVE_STRINGS_H 1
| #define HAVE_INTTYPES_H 1
| #define HAVE_STDINT_H 1
| #define HAVE_UNISTD_H 1
| #define SVR4 1
| #define HAVE_DIRENT_H 1
| #define STDC_HEADERS 1
| #define HAVE_SYS_WAIT_H 1
| #define HAVE_STDLIB_H 1
| #define HAVE_STRING_H 1
| #define HAVE_SYS_SELECT_H 1
| #define HAVE_SYS_UTSNAME_H 1
| #define HAVE_TERMCAP_H 1
| #define HAVE_FCNTL_H 1
| #define HAVE_SGTTY_H 1
| #define HAVE_SYS_IOCTL_H 1
| #define HAVE_SYS_TIME_H 1
| #define HAVE_TERMIO_H 1
| #define HAVE_UNISTD_H 1
| #define HAVE_STROPTS_H 1
| #define HAVE_ERRNO_H 1
| #define HAVE_STRINGS_H 1
| #define HAVE_LOCALE_H 1
| /* end confdefs.h.  */
| #include <stdio.h>
| #ifdef HAVE_SYS_TYPES_H
| # include <sys/types.h>
| #endif
| #ifdef HAVE_SYS_STAT_H
| # include <sys/stat.h>
| #endif
| #ifdef STDC_HEADERS
| # include <stdlib.h>
| # include <stddef.h>
| #else
| # ifdef HAVE_STDLIB_H
| #  include <stdlib.h>
| # endif
| #endif
| #ifdef HAVE_STRING_H
| # if !defined STDC_HEADERS && defined HAVE_MEMORY_H
| #  include <memory.h>
| # endif
| # include <string.h>
| #endif
| #ifdef HAVE_STRINGS_H
| # include <strings.h>
| #endif
| #ifdef HAVE_INTTYPES_H
| # include <inttypes.h>
| #endif
| #ifdef HAVE_STDINT_H
| # include <stdint.h>
| #endif
| #ifdef HAVE_UNISTD_H
| # include <unistd.h>
| #endif
| #include <sys/ptem.h>
configure:6336: result: no
configure:6336: checking sys/ptem.h presence
configure:6336: gcc -E  conftest.c
conftest.c:40:22: fatal error: sys/ptem.h: No such file or directory
 #include <sys/ptem.h>
                      ^
compilation terminated.
configure:6336: $? = 1
configure: failed program was:
| /* confdefs.h */
| #define PACKAGE_NAME ""
| #define PACKAGE_TARNAME ""
| #define PACKAGE_VERSION ""
| #define PACKAGE_STRING ""
| #define PACKAGE_BUGREPORT ""
| #define PACKAGE_URL ""
| #define UNIX 1
| #define HAVE_DATE_TIME 1
| #define STDC_HEADERS 1
| #define HAVE_SYS_TYPES_H 1
| #define HAVE_SYS_STAT_H 1
| #define HAVE_STDLIB_H 1
| #define HAVE_STRING_H 1
| #define HAVE_MEMORY_H 1
| #define HAVE_STRINGS_H 1
| #define HAVE_INTTYPES_H 1
| #define HAVE_STDINT_H 1
| #define HAVE_UNISTD_H 1
| #define SVR4 1
| #define HAVE_DIRENT_H 1
| #define STDC_HEADERS 1
| #define HAVE_SYS_WAIT_H 1
| #define HAVE_STDLIB_H 1
| #define HAVE_STRING_H 1
| #define HAVE_SYS_SELECT_H 1
| #define HAVE_SYS_UTSNAME_H 1
| #define HAVE_TERMCAP_H 1
| #define HAVE_FCNTL_H 1
| #define HAVE_SGTTY_H 1
| #define HAVE_SYS_IOCTL_H 1
| #define HAVE_SYS_TIME_H 1
| #define HAVE_TERMIO_H 1
| #define HAVE_UNISTD_H 1
| #define HAVE_STROPTS_H 1
| #define HAVE_ERRNO_H 1
| #define HAVE_STRINGS_H 1
| #define HAVE_LOCALE_H 1
| /* end confdefs.h.  */
| #include <sys/ptem.h>
configure:6336: result: no
configure:6336: checking for sys/ptem.h
configure:6336: result: no
configure:6336: checking termios.h usability
configure:6336: gcc -c -O -Wall  conftest.c >&5
configure:6336: $? = 0
configure:6336: result: yes
configure:6336: checking termios.h presence
configure:6336: gcc -E  conftest.c
configure:6336: $? = 0
configure:6336: result: yes
configure:6336: checking for termios.h
configure:6336: result: yes
configure:6336: checking libc.h usability
configure:6336: gcc -c -O -Wall  conftest.c >&5
conftest.c:74:18: fatal error: libc.h: No such file or directory
 #include <libc.h>
                  ^
compilation terminated.
configure:6336: $? = 1
configure: failed program was:
| /* confdefs.h */
| #define PACKAGE_NAME ""
| #define PACKAGE_TARNAME ""
| #define PACKAGE_VERSION ""
| #define PACKAGE_STRING ""
| #define PACKAGE_BUGREPORT ""
| #define PACKAGE_URL ""
| #define UNIX 1
| #define HAVE_DATE_TIME 1
| #define STDC_HEADERS 1
| #define HAVE_SYS_TYPES_H 1
| #define HAVE_SYS_STAT_H 1
| #define HAVE_STDLIB_H 1
| #define HAVE_STRING_H 1
| #define HAVE_MEMORY_H 1
| #define HAVE_STRINGS_H 1
| #define HAVE_INTTYPES_H 1
| #define HAVE_STDINT_H 1
| #define HAVE_UNISTD_H 1
| #define SVR4 1
| #define HAVE_DIRENT_H 1
| #define STDC_HEADERS 1
| #define HAVE_SYS_WAIT_H 1
| #define HAVE_STDLIB_H 1
| #define HAVE_STRING_H 1
| #define HAVE_SYS_SELECT_H 1
| #define HAVE_SYS_UTSNAME_H 1
| #define HAVE_TERMCAP_H 1
| #define HAVE_FCNTL_H 1
| #define HAVE_SGTTY_H 1
| #define HAVE_SYS_IOCTL_H 1
| #define HAVE_SYS_TIME_H 1
| #define HAVE_TERMIO_H 1
| #define HAVE_UNISTD_H 1
| #define HAVE_STROPTS_H 1
| #define HAVE_ERRNO_H 1
| #define HAVE_STRINGS_H 1
| #define HAVE_LOCALE_H 1
| #define HAVE_TERMIOS_H 1
| /* end confdefs.h.  */
| #include <stdio.h>
| #ifdef HAVE_SYS_TYPES_H
| # include <sys/types.h>
| #endif
| #ifdef HAVE_SYS_STAT_H
| # include <sys/stat.h>
| #endif
| #ifdef STDC_HEADERS
| # include <stdlib.h>
| # include <stddef.h>
| #else
| # ifdef HAVE_STDLIB_H
| #  include <stdlib.h>
| # endif
| #endif
| #ifdef HAVE_STRING_H
| # if !defined STDC_HEADERS && defined HAVE_MEMORY_H
| #  include <memory.h>
| # endif
| # include <string.h>
| #endif
| #ifdef HAVE_STRINGS_H
| # include <strings.h>
| #endif
| #ifdef HAVE_INTTYPES_H
| # include <inttypes.h>
| #endif
| #ifdef HAVE_STDINT_H
| # include <stdint.h>
| #endif
| #ifdef HAVE_UNISTD_H
| # include <unistd.h>
| #endif
| #include <libc.h>
configure:6336: result: no
configure:6336: checking libc.h presence
configure:6336: gcc -E  conftest.c
conftest.c:41:18: fatal error: libc.h: No such file or directory
 #include <libc.h>
                  ^
compilation terminated.
configure:6336: $? = 1
configure: failed program was:
| /* confdefs.h */
| #define PACKAGE_NAME ""
| #define PACKAGE_TARNAME ""
| #define PACKAGE_VERSION ""
| #define PACKAGE_STRING ""
| #define PACKAGE_BUGREPORT ""
| #define PACKAGE_URL ""
| #define UNIX 1
| #define HAVE_DATE_TIME 1
| #define STDC_HEADERS 1
| #define HAVE_SYS_TYPES_H 1
| #define HAVE_SYS_STAT_H 1
| #define HAVE_STDLIB_H 1
| #define HAVE_STRING_H 1
| #define HAVE_MEMORY_H 1
| #define HAVE_STRINGS_H 1
| #define HAVE_INTTYPES_H 1
| #define HAVE_STDINT_H 1
| #define HAVE_UNISTD_H 1
| #define SVR4 1
| #define HAVE_DIRENT_H 1
| #define STDC_HEADERS 1
| #define HAVE_SYS_WAIT_H 1
| #define HAVE_STDLIB_H 1
| #define HAVE_STRING_H 1
| #define HAVE_SYS_SELECT_H 1
| #define HAVE_SYS_UTSNAME_H 1
| #define HAVE_TERMCAP_H 1
| #define HAVE_FCNTL_H 1
| #define HAVE_SGTTY_H 1
| #define HAVE_SYS_IOCTL_H 1
| #define HAVE_SYS_TIME_H 1
| #define HAVE_TERMIO_H 1
| #define HAVE_UNISTD_H 1
| #define HAVE_STROPTS_H 1
| #define HAVE_ERRNO_H 1
| #define HAVE_STRINGS_H 1
| #define HAVE_LOCALE_H 1
| #define HAVE_TERMIOS_H 1
| /* end confdefs.h.  */
| #include <libc.h>
configure:6336: result: no
configure:6336: checking for libc.h
configure:6336: result: no
configure:6336: checking sys/statfs.h usability
configure:6336: gcc -c -O -Wall  conftest.c >&5
configure:6336: $? = 0
configure:6336: result: yes
configure:6336: checking sys/statfs.h presence
configure:6336: gcc -E  conftest.c
configure:6336: $? = 0
configure:6336: result: yes
configure:6336: checking for sys/statfs.h
configure:6336: result: yes
configure:6336: checking poll.h usability
configure:6336: gcc -c -O -Wall  conftest.c >&5
configure:6336: $? = 0
configure:6336: result: yes
configure:6336: checking poll.h presence
configure:6336: gcc -E  conftest.c
configure:6336: $? = 0
configure:6336: result: yes
configure:6336: checking for poll.h
configure:6336: result: yes
configure:6336: checking sys/poll.h usability
configure:6336: gcc -c -O -Wall  conftest.c >&5
configure:6336: $? = 0
configure:6336: result: yes
configure:6336: checking sys/poll.h presence
configure:6336: gcc -E  conftest.c
configure:6336: $? = 0
configure:6336: result: yes
configure:6336: checking for sys/poll.h
configure:6336: result: yes
configure:6336: checking pwd.h usability
configure:6336: gcc -c -O -Wall  conftest.c >&5
configure:6336: $? = 0
configure:6336: result: yes
configure:6336: checking pwd.h presence
configure:6336: gcc -E  conftest.c
configure:6336: $? = 0
configure:6336: result: yes
configure:6336: checking for pwd.h
configure:6336: result: yes
configure:6336: checking utime.h usability
configure:6336: gcc -c -O -Wall  conftest.c >&5
configure:6336: $? = 0
configure:6336: result: yes
configure:6336: checking utime.h presence
configure:6336: gcc -E  conftest.c
configure:6336: $? = 0
configure:6336: result: yes
configure:6336: checking for utime.h
configure:6336: result: yes
configure:6336: checking sys/param.h usability
configure:6336: gcc -c -O -Wall  conftest.c >&5
configure:6336: $? = 0
configure:6336: result: yes
configure:6336: checking sys/param.h presence
configure:6336: gcc -E  conftest.c
configure:6336: $? = 0
configure:6336: result: yes
configure:6336: checking for sys/param.h
configure:6336: result: yes
configure:6336: checking Xm/Xm.h usability
configure:6336: gcc -c -O -Wall  conftest.c >&5
conftest.c:80:19: fatal error: Xm/Xm.h: No such file or directory
 #include <Xm/Xm.h>
                   ^
compilation terminated.
configure:6336: $? = 1
configure: failed program was:
| /* confdefs.h */
| #define PACKAGE_NAME ""
| #define PACKAGE_TARNAME ""
| #define PACKAGE_VERSION ""
| #define PACKAGE_STRING ""
| #define PACKAGE_BUGREPORT ""
| #define PACKAGE_URL ""
| #define UNIX 1
| #define HAVE_DATE_TIME 1
| #define STDC_HEADERS 1
| #define HAVE_SYS_TYPES_H 1
| #define HAVE_SYS_STAT_H 1
| #define HAVE_STDLIB_H 1
| #define HAVE_STRING_H 1
| #define HAVE_MEMORY_H 1
| #define HAVE_STRINGS_H 1
| #define HAVE_INTTYPES_H 1
| #define HAVE_STDINT_H 1
| #define HAVE_UNISTD_H 1
| #define SVR4 1
| #define HAVE_DIRENT_H 1
| #define STDC_HEADERS 1
| #define HAVE_SYS_WAIT_H 1
| #define HAVE_STDLIB_H 1
| #define HAVE_STRING_H 1
| #define HAVE_SYS_SELECT_H 1
| #define HAVE_SYS_UTSNAME_H 1
| #define HAVE_TERMCAP_H 1
| #define HAVE_FCNTL_H 1
| #define HAVE_SGTTY_H 1
| #define HAVE_SYS_IOCTL_H 1
| #define HAVE_SYS_TIME_H 1
| #define HAVE_TERMIO_H 1
| #define HAVE_UNISTD_H 1
| #define HAVE_STROPTS_H 1
| #define HAVE_ERRNO_H 1
| #define HAVE_STRINGS_H 1
| #define HAVE_LOCALE_H 1
| #define HAVE_TERMIOS_H 1
| #define HAVE_SYS_STATFS_H 1
| #define HAVE_POLL_H 1
| #define HAVE_SYS_POLL_H 1
| #define HAVE_PWD_H 1
| #define HAVE_UTIME_H 1
| #define HAVE_SYS_PARAM_H 1
| /* end confdefs.h.  */
| #include <stdio.h>
| #ifdef HAVE_SYS_TYPES_H
| # include <sys/types.h>
| #endif
| #ifdef HAVE_SYS_STAT_H
| # include <sys/stat.h>
| #endif
| #ifdef STDC_HEADERS
| # include <stdlib.h>
| # include <stddef.h>
| #else
| # ifdef HAVE_STDLIB_H
| #  include <stdlib.h>
| # endif
| #endif
| #ifdef HAVE_STRING_H
| # if !defined STDC_HEADERS && defined HAVE_MEMORY_H
| #  include <memory.h>
| # endif
| # include <string.h>
| #endif
| #ifdef HAVE_STRINGS_H
| # include <strings.h>
| #endif
| #ifdef HAVE_INTTYPES_H
| # include <inttypes.h>
| #endif
| #ifdef HAVE_STDINT_H
| # include <stdint.h>
| #endif
| #ifdef HAVE_UNISTD_H
| # include <unistd.h>
| #endif
| #include <Xm/Xm.h>
configure:6336: result: no
configure:6336: checking Xm/Xm.h presence
configure:6336: gcc -E  conftest.c
conftest.c:47:19: fatal error: Xm/Xm.h: No such file or directory
 #include <Xm/Xm.h>
                   ^
compilation terminated.
configure:6336: $? = 1
configure: failed program was:
| /* confdefs.h */
| #define PACKAGE_NAME ""
| #define PACKAGE_TARNAME ""
| #define PACKAGE_VERSION ""
| #define PACKAGE_STRING ""
| #define PACKAGE_BUGREPORT ""
| #define PACKAGE_URL ""
| #define UNIX 1
| #define HAVE_DATE_TIME 1
| #define STDC_HEADERS 1
| #define HAVE_SYS_TYPES_H 1
| #define HAVE_SYS_STAT_H 1
| #define HAVE_STDLIB_H 1
| #define HAVE_STRING_H 1
| #define HAVE_MEMORY_H 1
| #define HAVE_STRINGS_H 1
| #define HAVE_INTTYPES_H 1
| #define HAVE_STDINT_H 1
| #define HAVE_UNISTD_H 1
| #define SVR4 1
| #define HAVE_DIRENT_H 1
| #define STDC_HEADERS 1
| #define HAVE_SYS_WAIT_H 1
| #define HAVE_STDLIB_H 1
| #define HAVE_STRING_H 1
| #define HAVE_SYS_SELECT_H 1
| #define HAVE_SYS_UTSNAME_H 1
| #define HAVE_TERMCAP_H 1
| #define HAVE_FCNTL_H 1
| #define HAVE_SGTTY_H 1
| #define HAVE_SYS_IOCTL_H 1
| #define HAVE_SYS_TIME_H 1
| #define HAVE_TERMIO_H 1
| #define HAVE_UNISTD_H 1
| #define HAVE_STROPTS_H 1
| #define HAVE_ERRNO_H 1
| #define HAVE_STRINGS_H 1
| #define HAVE_LOCALE_H 1
| #define HAVE_TERMIOS_H 1
| #define HAVE_SYS_STATFS_H 1
| #define HAVE_POLL_H 1
| #define HAVE_SYS_POLL_H 1
| #define HAVE_PWD_H 1
| #define HAVE_UTIME_H 1
| #define HAVE_SYS_PARAM_H 1
| /* end confdefs.h.  */
| #include <Xm/Xm.h>
configure:6336: result: no
configure:6336: checking for Xm/Xm.h
configure:6336: result: no
configure:6347: checking if strings.h can be included after string.h
configure:6373: gcc -c -O -Wall  conftest.c >&5
conftest.c: In function 'main':
conftest.c:64:5: warning: variable 'i' set but not used [-Wunused-but-set-variable]
 int i; i = 0;
     ^
configure:6373: $? = 0
configure:6374: result: yes
configure:6385: checking whether gcc needs -traditional
configure:6419: result: no
configure:6426: checking for an ANSI C-conforming const
configure:6492: gcc -c -O -Wall  conftest.c >&5
configure:6492: $? = 0
configure:6499: result: yes
configure:6507: checking for mode_t
configure:6507: gcc -c -O -Wall  conftest.c >&5
configure:6507: $? = 0
configure:6507: gcc -c -O -Wall  conftest.c >&5
conftest.c: In function 'main':
conftest.c:83:21: error: expected expression before ')' token
 if (sizeof ((mode_t)))
                     ^
configure:6507: $? = 1
configure: failed program was:
| /* confdefs.h */
| #define PACKAGE_NAME ""
| #define PACKAGE_TARNAME ""
| #define PACKAGE_VERSION ""
| #define PACKAGE_STRING ""
| #define PACKAGE_BUGREPORT ""
| #define PACKAGE_URL ""
| #define UNIX 1
| #define HAVE_DATE_TIME 1
| #define STDC_HEADERS 1
| #define HAVE_SYS_TYPES_H 1
| #define HAVE_SYS_STAT_H 1
| #define HAVE_STDLIB_H 1
| #define HAVE_STRING_H 1
| #define HAVE_MEMORY_H 1
| #define HAVE_STRINGS_H 1
| #define HAVE_INTTYPES_H 1
| #define HAVE_STDINT_H 1
| #define HAVE_UNISTD_H 1
| #define SVR4 1
| #define HAVE_DIRENT_H 1
| #define STDC_HEADERS 1
| #define HAVE_SYS_WAIT_H 1
| #define HAVE_STDLIB_H 1
| #define HAVE_STRING_H 1
| #define HAVE_SYS_SELECT_H 1
| #define HAVE_SYS_UTSNAME_H 1
| #define HAVE_TERMCAP_H 1
| #define HAVE_FCNTL_H 1
| #define HAVE_SGTTY_H 1
| #define HAVE_SYS_IOCTL_H 1
| #define HAVE_SYS_TIME_H 1
| #define HAVE_TERMIO_H 1
| #define HAVE_UNISTD_H 1
| #define HAVE_STROPTS_H 1
| #define HAVE_ERRNO_H 1
| #define HAVE_STRINGS_H 1
| #define HAVE_LOCALE_H 1
| #define HAVE_TERMIOS_H 1
| #define HAVE_SYS_STATFS_H 1
| #define HAVE_POLL_H 1
| #define HAVE_SYS_POLL_H 1
| #define HAVE_PWD_H 1
| #define HAVE_UTIME_H 1
| #define HAVE_SYS_PARAM_H 1
| /* end confdefs.h.  */
| #include <stdio.h>
| #ifdef HAVE_SYS_TYPES_H
| # include <sys/types.h>
| #endif
| #ifdef HAVE_SYS_STAT_H
| # include <sys/stat.h>
| #endif
| #ifdef STDC_HEADERS
| # include <stdlib.h>
| # include <stddef.h>
| #else
| # ifdef HAVE_STDLIB_H
| #  include <stdlib.h>
| # endif
| #endif
| #ifdef HAVE_STRING_H
| # if !defined STDC_HEADERS && defined HAVE_MEMORY_H
| #  include <memory.h>
| # endif
| # include <string.h>
| #endif
| #ifdef HAVE_STRINGS_H
| # include <strings.h>
| #endif
| #ifdef HAVE_INTTYPES_H
| # include <inttypes.h>
| #endif
| #ifdef HAVE_STDINT_H
| # include <stdint.h>
| #endif
| #ifdef HAVE_UNISTD_H
| # include <unistd.h>
| #endif
| int
| main ()
| {
| if (sizeof ((mode_t)))
| 	    return 0;
|   ;
|   return 0;
| }
configure:6507: result: yes
configure:6518: checking for off_t
configure:6518: gcc -c -O -Wall  conftest.c >&5
configure:6518: $? = 0
configure:6518: gcc -c -O -Wall  conftest.c >&5
conftest.c: In function 'main':
conftest.c:83:20: error: expected expression before ')' token
 if (sizeof ((off_t)))
                    ^
configure:6518: $? = 1
configure: failed program was:
| /* confdefs.h */
| #define PACKAGE_NAME ""
| #define PACKAGE_TARNAME ""
| #define PACKAGE_VERSION ""
| #define PACKAGE_STRING ""
| #define PACKAGE_BUGREPORT ""
| #define PACKAGE_URL ""
| #define UNIX 1
| #define HAVE_DATE_TIME 1
| #define STDC_HEADERS 1
| #define HAVE_SYS_TYPES_H 1
| #define HAVE_SYS_STAT_H 1
| #define HAVE_STDLIB_H 1
| #define HAVE_STRING_H 1
| #define HAVE_MEMORY_H 1
| #define HAVE_STRINGS_H 1
| #define HAVE_INTTYPES_H 1
| #define HAVE_STDINT_H 1
| #define HAVE_UNISTD_H 1
| #define SVR4 1
| #define HAVE_DIRENT_H 1
| #define STDC_HEADERS 1
| #define HAVE_SYS_WAIT_H 1
| #define HAVE_STDLIB_H 1
| #define HAVE_STRING_H 1
| #define HAVE_SYS_SELECT_H 1
| #define HAVE_SYS_UTSNAME_H 1
| #define HAVE_TERMCAP_H 1
| #define HAVE_FCNTL_H 1
| #define HAVE_SGTTY_H 1
| #define HAVE_SYS_IOCTL_H 1
| #define HAVE_SYS_TIME_H 1
| #define HAVE_TERMIO_H 1
| #define HAVE_UNISTD_H 1
| #define HAVE_STROPTS_H 1
| #define HAVE_ERRNO_H 1
| #define HAVE_STRINGS_H 1
| #define HAVE_LOCALE_H 1
| #define HAVE_TERMIOS_H 1
| #define HAVE_SYS_STATFS_H 1
| #define HAVE_POLL_H 1
| #define HAVE_SYS_POLL_H 1
| #define HAVE_PWD_H 1
| #define HAVE_UTIME_H 1
| #define HAVE_SYS_PARAM_H 1
| /* end confdefs.h.  */
| #include <stdio.h>
| #ifdef HAVE_SYS_TYPES_H
| # include <sys/types.h>
| #endif
| #ifdef HAVE_SYS_STAT_H
| # include <sys/stat.h>
| #endif
| #ifdef STDC_HEADERS
| # include <stdlib.h>
| # include <stddef.h>
| #else
| # ifdef HAVE_STDLIB_H
| #  include <stdlib.h>
| # endif
| #endif
| #ifdef HAVE_STRING_H
| # if !defined STDC_HEADERS && defined HAVE_MEMORY_H
| #  include <memory.h>
| # endif
| # include <string.h>
| #endif
| #ifdef HAVE_STRINGS_H
| # include <strings.h>
| #endif
| #ifdef HAVE_INTTYPES_H
| # include <inttypes.h>
| #endif
| #ifdef HAVE_STDINT_H
| # include <stdint.h>
| #endif
| #ifdef HAVE_UNISTD_H
| # include <unistd.h>
| #endif
| int
| main ()
| {
| if (sizeof ((off_t)))
| 	    return 0;
|   ;
|   return 0;
| }
configure:6518: result: yes
configure:6529: checking for pid_t
configure:6529: gcc -c -O -Wall  conftest.c >&5
configure:6529: $? = 0
configure:6529: gcc -c -O -Wall  conftest.c >&5
conftest.c: In function 'main':
conftest.c:83:20: error: expected expression before ')' token
 if (sizeof ((pid_t)))
                    ^
configure:6529: $? = 1
configure: failed program was:
| /* confdefs.h */
| #define PACKAGE_NAME ""
| #define PACKAGE_TARNAME ""
| #define PACKAGE_VERSION ""
| #define PACKAGE_STRING ""
| #define PACKAGE_BUGREPORT ""
| #define PACKAGE_URL ""
| #define UNIX 1
| #define HAVE_DATE_TIME 1
| #define STDC_HEADERS 1
| #define HAVE_SYS_TYPES_H 1
| #define HAVE_SYS_STAT_H 1
| #define HAVE_STDLIB_H 1
| #define HAVE_STRING_H 1
| #define HAVE_MEMORY_H 1
| #define HAVE_STRINGS_H 1
| #define HAVE_INTTYPES_H 1
| #define HAVE_STDINT_H 1
| #define HAVE_UNISTD_H 1
| #define SVR4 1
| #define HAVE_DIRENT_H 1
| #define STDC_HEADERS 1
| #define HAVE_SYS_WAIT_H 1
| #define HAVE_STDLIB_H 1
| #define HAVE_STRING_H 1
| #define HAVE_SYS_SELECT_H 1
| #define HAVE_SYS_UTSNAME_H 1
| #define HAVE_TERMCAP_H 1
| #define HAVE_FCNTL_H 1
| #define HAVE_SGTTY_H 1
| #define HAVE_SYS_IOCTL_H 1
| #define HAVE_SYS_TIME_H 1
| #define HAVE_TERMIO_H 1
| #define HAVE_UNISTD_H 1
| #define HAVE_STROPTS_H 1
| #define HAVE_ERRNO_H 1
| #define HAVE_STRINGS_H 1
| #define HAVE_LOCALE_H 1
| #define HAVE_TERMIOS_H 1
| #define HAVE_SYS_STATFS_H 1
| #define HAVE_POLL_H 1
| #define HAVE_SYS_POLL_H 1
| #define HAVE_PWD_H 1
| #define HAVE_UTIME_H 1
| #define HAVE_SYS_PARAM_H 1
| /* end confdefs.h.  */
| #include <stdio.h>
| #ifdef HAVE_SYS_TYPES_H
| # include <sys/types.h>
| #endif
| #ifdef HAVE_SYS_STAT_H
| # include <sys/stat.h>
| #endif
| #ifdef STDC_HEADERS
| # include <stdlib.h>
| # include <stddef.h>
| #else
| # ifdef HAVE_STDLIB_H
| #  include <stdlib.h>
| # endif
| #endif
| #ifdef HAVE_STRING_H
| # if !defined STDC_HEADERS && defined HAVE_MEMORY_H
| #  include <memory.h>
| # endif
| # include <string.h>
| #endif
| #ifdef HAVE_STRINGS_H
| # include <strings.h>
| #endif
| #ifdef HAVE_INTTYPES_H
| # include <inttypes.h>
| #endif
| #ifdef HAVE_STDINT_H
| # include <stdint.h>
| #endif
| #ifdef HAVE_UNISTD_H
| # include <unistd.h>
| #endif
| int
| main ()
| {
| if (sizeof ((pid_t)))
| 	    return 0;
|   ;
|   return 0;
| }
configure:6529: result: yes
configure:6540: checking for size_t
configure:6540: gcc -c -O -Wall  conftest.c >&5
configure:6540: $? = 0
configure:6540: gcc -c -O -Wall  conftest.c >&5
conftest.c: In function 'main':
conftest.c:83:21: error: expected expression before ')' token
 if (sizeof ((size_t)))
                     ^
configure:6540: $? = 1
configure: failed program was:
| /* confdefs.h */
| #define PACKAGE_NAME ""
| #define PACKAGE_TARNAME ""
| #define PACKAGE_VERSION ""
| #define PACKAGE_STRING ""
| #define PACKAGE_BUGREPORT ""
| #define PACKAGE_URL ""
| #define UNIX 1
| #define HAVE_DATE_TIME 1
| #define STDC_HEADERS 1
| #define HAVE_SYS_TYPES_H 1
| #define HAVE_SYS_STAT_H 1
| #define HAVE_STDLIB_H 1
| #define HAVE_STRING_H 1
| #define HAVE_MEMORY_H 1
| #define HAVE_STRINGS_H 1
| #define HAVE_INTTYPES_H 1
| #define HAVE_STDINT_H 1
| #define HAVE_UNISTD_H 1
| #define SVR4 1
| #define HAVE_DIRENT_H 1
| #define STDC_HEADERS 1
| #define HAVE_SYS_WAIT_H 1
| #define HAVE_STDLIB_H 1
| #define HAVE_STRING_H 1
| #define HAVE_SYS_SELECT_H 1
| #define HAVE_SYS_UTSNAME_H 1
| #define HAVE_TERMCAP_H 1
| #define HAVE_FCNTL_H 1
| #define HAVE_SGTTY_H 1
| #define HAVE_SYS_IOCTL_H 1
| #define HAVE_SYS_TIME_H 1
| #define HAVE_TERMIO_H 1
| #define HAVE_UNISTD_H 1
| #define HAVE_STROPTS_H 1
| #define HAVE_ERRNO_H 1
| #define HAVE_STRINGS_H 1
| #define HAVE_LOCALE_H 1
| #define HAVE_TERMIOS_H 1
| #define HAVE_SYS_STATFS_H 1
| #define HAVE_POLL_H 1
| #define HAVE_SYS_POLL_H 1
| #define HAVE_PWD_H 1
| #define HAVE_UTIME_H 1
| #define HAVE_SYS_PARAM_H 1
| /* end confdefs.h.  */
| #include <stdio.h>
| #ifdef HAVE_SYS_TYPES_H
| # include <sys/types.h>
| #endif
| #ifdef HAVE_SYS_STAT_H
| # include <sys/stat.h>
| #endif
| #ifdef STDC_HEADERS
| # include <stdlib.h>
| # include <stddef.h>
| #else
| # ifdef HAVE_STDLIB_H
| #  include <stdlib.h>
| # endif
| #endif
| #ifdef HAVE_STRING_H
| # if !defined STDC_HEADERS && defined HAVE_MEMORY_H
| #  include <memory.h>
| # endif
| # include <string.h>
| #endif
| #ifdef HAVE_STRINGS_H
| # include <strings.h>
| #endif
| #ifdef HAVE_INTTYPES_H
| # include <inttypes.h>
| #endif
| #ifdef HAVE_STDINT_H
| # include <stdint.h>
| #endif
| #ifdef HAVE_UNISTD_H
| # include <unistd.h>
| #endif
| int
| main ()
| {
| if (sizeof ((size_t)))
| 	    return 0;
|   ;
|   return 0;
| }
configure:6540: result: yes
configure:6551: checking for uid_t in sys/types.h
configure:6570: result: yes
configure:6581: checking whether time.h and sys/time.h may both be included
configure:6601: gcc -c -O -Wall  conftest.c >&5
configure:6601: $? = 0
configure:6608: result: yes
configure:6616: checking for ino_t
configure:6616: gcc -c -O -Wall  conftest.c >&5
configure:6616: $? = 0
configure:6616: gcc -c -O -Wall  conftest.c >&5
conftest.c: In function 'main':
conftest.c:84:20: error: expected expression before ')' token
 if (sizeof ((ino_t)))
                    ^
configure:6616: $? = 1
configure: failed program was:
| /* confdefs.h */
| #define PACKAGE_NAME ""
| #define PACKAGE_TARNAME ""
| #define PACKAGE_VERSION ""
| #define PACKAGE_STRING ""
| #define PACKAGE_BUGREPORT ""
| #define PACKAGE_URL ""
| #define UNIX 1
| #define HAVE_DATE_TIME 1
| #define STDC_HEADERS 1
| #define HAVE_SYS_TYPES_H 1
| #define HAVE_SYS_STAT_H 1
| #define HAVE_STDLIB_H 1
| #define HAVE_STRING_H 1
| #define HAVE_MEMORY_H 1
| #define HAVE_STRINGS_H 1
| #define HAVE_INTTYPES_H 1
| #define HAVE_STDINT_H 1
| #define HAVE_UNISTD_H 1
| #define SVR4 1
| #define HAVE_DIRENT_H 1
| #define STDC_HEADERS 1
| #define HAVE_SYS_WAIT_H 1
| #define HAVE_STDLIB_H 1
| #define HAVE_STRING_H 1
| #define HAVE_SYS_SELECT_H 1
| #define HAVE_SYS_UTSNAME_H 1
| #define HAVE_TERMCAP_H 1
| #define HAVE_FCNTL_H 1
| #define HAVE_SGTTY_H 1
| #define HAVE_SYS_IOCTL_H 1
| #define HAVE_SYS_TIME_H 1
| #define HAVE_TERMIO_H 1
| #define HAVE_UNISTD_H 1
| #define HAVE_STROPTS_H 1
| #define HAVE_ERRNO_H 1
| #define HAVE_STRINGS_H 1
| #define HAVE_LOCALE_H 1
| #define HAVE_TERMIOS_H 1
| #define HAVE_SYS_STATFS_H 1
| #define HAVE_POLL_H 1
| #define HAVE_SYS_POLL_H 1
| #define HAVE_PWD_H 1
| #define HAVE_UTIME_H 1
| #define HAVE_SYS_PARAM_H 1
| #define TIME_WITH_SYS_TIME 1
| /* end confdefs.h.  */
| #include <stdio.h>
| #ifdef HAVE_SYS_TYPES_H
| # include <sys/types.h>
| #endif
| #ifdef HAVE_SYS_STAT_H
| # include <sys/stat.h>
| #endif
| #ifdef STDC_HEADERS
| # include <stdlib.h>
| # include <stddef.h>
| #else
| # ifdef HAVE_STDLIB_H
| #  include <stdlib.h>
| # endif
| #endif
| #ifdef HAVE_STRING_H
| # if !defined STDC_HEADERS && defined HAVE_MEMORY_H
| #  include <memory.h>
| # endif
| # include <string.h>
| #endif
| #ifdef HAVE_STRINGS_H
| # include <strings.h>
| #endif
| #ifdef HAVE_INTTYPES_H
| # include <inttypes.h>
| #endif
| #ifdef HAVE_STDINT_H
| # include <stdint.h>
| #endif
| #ifdef HAVE_UNISTD_H
| # include <unistd.h>
| #endif
| int
| main ()
| {
| if (sizeof ((ino_t)))
| 	    return 0;
|   ;
|   return 0;
| }
configure:6616: result: yes
configure:6629: checking --with-tlib argument
configure:6642: result: automatic terminal library selection
configure:6650: checking for tgetent in -lncurses
configure:6675: gcc -o conftest -O -Wall   conftest.c -lncurses   >&5
configure:6675: $? = 0
configure:6685: result: yes
configure:6708: gcc -o conftest -O -Wall   conftest.c -lncurses  >&5
conftest.c:53:1: warning: return type defaults to 'int' [-Wimplicit-int]
 main() {char *s; s=(char *)tgoto("%p1%d", 0, 1); exit(0); }
 ^~~~
conftest.c: In function 'main':
conftest.c:53:50: warning: implicit declaration of function 'exit' [-Wimplicit-function-declaration]
 main() {char *s; s=(char *)tgoto("%p1%d", 0, 1); exit(0); }
                                                  ^~~~
conftest.c:53:50: warning: incompatible implicit declaration of built-in function 'exit'
conftest.c:53:50: note: include '<stdlib.h>' or provide a declaration of 'exit'
conftest.c:53:15: warning: variable 's' set but not used [-Wunused-but-set-variable]
 main() {char *s; s=(char *)tgoto("%p1%d", 0, 1); exit(0); }
               ^
configure:6708: $? = 0
configure:6708: ./conftest
configure:6708: $? = 0
configure:6727: checking whether we talk terminfo
configure:6741: gcc -o conftest -O -Wall   conftest.c -lncurses  >&5
conftest.c:53:1: warning: return type defaults to 'int' [-Wimplicit-int]
 main()
 ^~~~
conftest.c: In function 'main':
conftest.c:54:43: warning: implicit declaration of function 'exit' [-Wimplicit-function-declaration]
 {char *s; s=(char *)tgoto("%p1%d", 0, 1); exit(!strcmp(s==0 ? "" : s, "1")); }
                                           ^~~~
conftest.c:54:43: warning: incompatible implicit declaration of built-in function 'exit'
conftest.c:54:43: note: include '<stdlib.h>' or provide a declaration of 'exit'
conftest.c:54:49: warning: implicit declaration of function 'strcmp' [-Wimplicit-function-declaration]
 {char *s; s=(char *)tgoto("%p1%d", 0, 1); exit(!strcmp(s==0 ? "" : s, "1")); }
                                                 ^~~~~~
configure:6741: $? = 0
configure:6741: ./conftest
configure:6741: $? = 1
configure: program exited with status 1
configure: failed program was:
| /* confdefs.h */
| #define PACKAGE_NAME ""
| #define PACKAGE_TARNAME ""
| #define PACKAGE_VERSION ""
| #define PACKAGE_STRING ""
| #define PACKAGE_BUGREPORT ""
| #define PACKAGE_URL ""
| #define UNIX 1
| #define HAVE_DATE_TIME 1
| #define STDC_HEADERS 1
| #define HAVE_SYS_TYPES_H 1
| #define HAVE_SYS_STAT_H 1
| #define HAVE_STDLIB_H 1
| #define HAVE_STRING_H 1
| #define HAVE_MEMORY_H 1
| #define HAVE_STRINGS_H 1
| #define HAVE_INTTYPES_H 1
| #define HAVE_STDINT_H 1
| #define HAVE_UNISTD_H 1
| #define SVR4 1
| #define HAVE_DIRENT_H 1
| #define STDC_HEADERS 1
| #define HAVE_SYS_WAIT_H 1
| #define HAVE_STDLIB_H 1
| #define HAVE_STRING_H 1
| #define HAVE_SYS_SELECT_H 1
| #define HAVE_SYS_UTSNAME_H 1
| #define HAVE_TERMCAP_H 1
| #define HAVE_FCNTL_H 1
| #define HAVE_SGTTY_H 1
| #define HAVE_SYS_IOCTL_H 1
| #define HAVE_SYS_TIME_H 1
| #define HAVE_TERMIO_H 1
| #define HAVE_UNISTD_H 1
| #define HAVE_STROPTS_H 1
| #define HAVE_ERRNO_H 1
| #define HAVE_STRINGS_H 1
| #define HAVE_LOCALE_H 1
| #define HAVE_TERMIOS_H 1
| #define HAVE_SYS_STATFS_H 1
| #define HAVE_POLL_H 1
| #define HAVE_SYS_POLL_H 1
| #define HAVE_PWD_H 1
| #define HAVE_UTIME_H 1
| #define HAVE_SYS_PARAM_H 1
| #define TIME_WITH_SYS_TIME 1
| #define HAVE_LIBNCURSES 1
| /* end confdefs.h.  */
| 
| #ifdef HAVE_TERMCAP_H
| # include <termcap.h>
| #endif
| main()
| {char *s; s=(char *)tgoto("%p1%d", 0, 1); exit(!strcmp(s==0 ? "" : s, "1")); }
configure:6745: result: yes -- terminfo spoken here
configure:6758: checking whether termcap.h contains ospeed
configure:6775: gcc -o conftest -O -Wall   conftest.c -lncurses  >&5
configure:6775: $? = 0
configure:6776: result: yes
configure:6815: checking whether termcap.h contains UP, BC and PC
configure:6832: gcc -o conftest -O -Wall   conftest.c -lncurses  >&5
configure:6832: $? = 0
configure:6833: result: yes
configure:6872: checking whether tputs() uses outfuntype
configure:6889: gcc -c -O -Wall  conftest.c >&5
conftest.c: In function 'main':
conftest.c:60:36: error: 'outfuntype' undeclared (first use in this function)
 extern int xx(); tputs("test", 1, (outfuntype)xx)
                                    ^~~~~~~~~~
conftest.c:60:36: note: each undeclared identifier is reported only once for each function it appears in
conftest.c:60:47: error: expected ')' before 'xx'
 extern int xx(); tputs("test", 1, (outfuntype)xx)
                                               ^~
configure:6889: $? = 1
configure: failed program was:
| /* confdefs.h */
| #define PACKAGE_NAME ""
| #define PACKAGE_TARNAME ""
| #define PACKAGE_VERSION ""
| #define PACKAGE_STRING ""
| #define PACKAGE_BUGREPORT ""
| #define PACKAGE_URL ""
| #define UNIX 1
| #define HAVE_DATE_TIME 1
| #define STDC_HEADERS 1
| #define HAVE_SYS_TYPES_H 1
| #define HAVE_SYS_STAT_H 1
| #define HAVE_STDLIB_H 1
| #define HAVE_STRING_H 1
| #define HAVE_MEMORY_H 1
| #define HAVE_STRINGS_H 1
| #define HAVE_INTTYPES_H 1
| #define HAVE_STDINT_H 1
| #define HAVE_UNISTD_H 1
| #define SVR4 1
| #define HAVE_DIRENT_H 1
| #define STDC_HEADERS 1
| #define HAVE_SYS_WAIT_H 1
| #define HAVE_STDLIB_H 1
| #define HAVE_STRING_H 1
| #define HAVE_SYS_SELECT_H 1
| #define HAVE_SYS_UTSNAME_H 1
| #define HAVE_TERMCAP_H 1
| #define HAVE_FCNTL_H 1
| #define HAVE_SGTTY_H 1
| #define HAVE_SYS_IOCTL_H 1
| #define HAVE_SYS_TIME_H 1
| #define HAVE_TERMIO_H 1
| #define HAVE_UNISTD_H 1
| #define HAVE_STROPTS_H 1
| #define HAVE_ERRNO_H 1
| #define HAVE_STRINGS_H 1
| #define HAVE_LOCALE_H 1
| #define HAVE_TERMIOS_H 1
| #define HAVE_SYS_STATFS_H 1
| #define HAVE_POLL_H 1
| #define HAVE_SYS_POLL_H 1
| #define HAVE_PWD_H 1
| #define HAVE_UTIME_H 1
| #define HAVE_SYS_PARAM_H 1
| #define TIME_WITH_SYS_TIME 1
| #define HAVE_LIBNCURSES 1
| #define TERMINFO 1
| #define HAVE_OSPEED 1
| #define HAVE_UP_BC_PC 1
| /* end confdefs.h.  */
| 
| #ifdef HAVE_TERMCAP_H
| # include <termcap.h>
| #endif
| 
| int
| main ()
| {
| extern int xx(); tputs("test", 1, (outfuntype)xx)
|   ;
|   return 0;
| }
configure:6894: result: no
configure:6899: checking whether sys/select.h and sys/time.h may both be included
configure:6915: gcc -c -O -Wall  conftest.c >&5
configure:6915: $? = 0
configure:6916: result: yes
configure:6928: checking return type of signal handlers
configure:6946: gcc -c -O -Wall  conftest.c >&5
conftest.c: In function 'main':
conftest.c:59:10: error: void value not ignored as it ought to be
 return *(signal (0, 0)) (0) == 1;
         ~^~~~~~~~~~~~~~~~~~
configure:6946: $? = 1
configure: failed program was:
| /* confdefs.h */
| #define PACKAGE_NAME ""
| #define PACKAGE_TARNAME ""
| #define PACKAGE_VERSION ""
| #define PACKAGE_STRING ""
| #define PACKAGE_BUGREPORT ""
| #define PACKAGE_URL ""
| #define UNIX 1
| #define HAVE_DATE_TIME 1
| #define STDC_HEADERS 1
| #define HAVE_SYS_TYPES_H 1
| #define HAVE_SYS_STAT_H 1
| #define HAVE_STDLIB_H 1
| #define HAVE_STRING_H 1
| #define HAVE_MEMORY_H 1
| #define HAVE_STRINGS_H 1
| #define HAVE_INTTYPES_H 1
| #define HAVE_STDINT_H 1
| #define HAVE_UNISTD_H 1
| #define SVR4 1
| #define HAVE_DIRENT_H 1
| #define STDC_HEADERS 1
| #define HAVE_SYS_WAIT_H 1
| #define HAVE_STDLIB_H 1
| #define HAVE_STRING_H 1
| #define HAVE_SYS_SELECT_H 1
| #define HAVE_SYS_UTSNAME_H 1
| #define HAVE_TERMCAP_H 1
| #define HAVE_FCNTL_H 1
| #define HAVE_SGTTY_H 1
| #define HAVE_SYS_IOCTL_H 1
| #define HAVE_SYS_TIME_H 1
| #define HAVE_TERMIO_H 1
| #define HAVE_UNISTD_H 1
| #define HAVE_STROPTS_H 1
| #define HAVE_ERRNO_H 1
| #define HAVE_STRINGS_H 1
| #define HAVE_LOCALE_H 1
| #define HAVE_TERMIOS_H 1
| #define HAVE_SYS_STATFS_H 1
| #define HAVE_POLL_H 1
| #define HAVE_SYS_POLL_H 1
| #define HAVE_PWD_H 1
| #define HAVE_UTIME_H 1
| #define HAVE_SYS_PARAM_H 1
| #define TIME_WITH_SYS_TIME 1
| #define HAVE_LIBNCURSES 1
| #define TERMINFO 1
| #define HAVE_OSPEED 1
| #define HAVE_UP_BC_PC 1
| #define SYS_SELECT_WITH_SYS_TIME 1
| /* end confdefs.h.  */
| #include <sys/types.h>
| #include <signal.h>
| 
| int
| main ()
| {
| return *(signal (0, 0)) (0) == 1;
|   ;
|   return 0;
| }
configure:6953: result: void
configure:6970: checking for struct sigcontext
configure:6990: gcc -c -O -Wall  conftest.c >&5
conftest.c:57:1: warning: return type defaults to 'int' [-Wimplicit-int]
 test_sig()
 ^~~~~~~~
conftest.c: In function 'test_sig':
conftest.c:59:24: warning: variable 'scont' set but not used [-Wunused-but-set-variable]
     struct sigcontext *scont;
                        ^~~~~
configure:6990: $? = 0
configure:6991: result: yes
configure:7001: checking getcwd implementation
configure:7018: gcc -o conftest -O -Wall   conftest.c -lncurses  >&5
conftest.c:58:1: warning: return type defaults to 'int' [-Wimplicit-int]
 main()
 ^~~~
conftest.c: In function 'main':
conftest.c:63:10: warning: implicit declaration of function 'getcwd' [-Wimplicit-function-declaration]
   return getcwd(buffer, 500) ? 0 : 1;
          ^~~~~~
configure:7018: $? = 0
configure:7018: ./conftest
configure:7018: $? = 0
configure:7019: result: it is usable
configure:7038: checking for bcmp
configure:7038: gcc -o conftest -O -Wall   conftest.c -lncurses  >&5
conftest.c:79:6: warning: conflicting types for built-in function 'bcmp'
 char bcmp ();
      ^~~~
configure:7038: $? = 0
configure:7038: result: yes
configure:7038: checking for fchdir
configure:7038: gcc -o conftest -O -Wall   conftest.c -lncurses  >&5
configure:7038: $? = 0
configure:7038: result: yes
configure:7038: checking for fchown
configure:7038: gcc -o conftest -O -Wall   conftest.c -lncurses  >&5
configure:7038: $? = 0
configure:7038: result: yes
configure:7038: checking for fseeko
configure:7038: gcc -o conftest -O -Wall   conftest.c -lncurses  >&5
configure:7038: $? = 0
configure:7038: result: yes
configure:7038: checking for fsync
configure:7038: gcc -o conftest -O -Wall   conftest.c -lncurses  >&5
configure:7038: $? = 0
configure:7038: result: yes
configure:7038: checking for ftello
configure:7038: gcc -o conftest -O -Wall   conftest.c -lncurses  >&5
configure:7038: $? = 0
configure:7038: result: yes
configure:7038: checking for getcwd
configure:7038: gcc -o conftest -O -Wall   conftest.c -lncurses  >&5
configure:7038: $? = 0
configure:7038: result: yes
configure:7038: checking for getpwnam
configure:7038: gcc -o conftest -O -Wall   conftest.c -lncurses  >&5
configure:7038: $? = 0
configure:7038: result: yes
configure:7038: checking for getpwuid
configure:7038: gcc -o conftest -O -Wall   conftest.c -lncurses  >&5
configure:7038: $? = 0
configure:7038: result: yes
configure:7038: checking for gettimeofday
configure:7038: gcc -o conftest -O -Wall   conftest.c -lncurses  >&5
configure:7038: $? = 0
configure:7038: result: yes
configure:7038: checking for getwd
configure:7038: gcc -o conftest -O -Wall   conftest.c -lncurses  >&5
/tmp/ccFar4lx.o: In function `main':
conftest.c:(.text+0xa): warning: the `getwd' function is dangerous and should not be used.
configure:7038: $? = 0
configure:7038: result: yes
configure:7038: checking for lstat
configure:7038: gcc -o conftest -O -Wall   conftest.c -lncurses  >&5
configure:7038: $? = 0
configure:7038: result: yes
configure:7038: checking for memcmp
configure:7038: gcc -o conftest -O -Wall   conftest.c -lncurses  >&5
conftest.c:91:6: warning: conflicting types for built-in function 'memcmp'
 char memcmp ();
      ^~~~~~
configure:7038: $? = 0
configure:7038: result: yes
configure:7038: checking for memset
configure:7038: gcc -o conftest -O -Wall   conftest.c -lncurses  >&5
conftest.c:92:6: warning: conflicting types for built-in function 'memset'
 char memset ();
      ^~~~~~
configure:7038: $? = 0
configure:7038: result: yes
configure:7038: checking for nanosleep
configure:7038: gcc -o conftest -O -Wall   conftest.c -lncurses  >&5
configure:7038: $? = 0
configure:7038: result: yes
configure:7038: checking for opendir
configure:7038: gcc -o conftest -O -Wall   conftest.c -lncurses  >&5
configure:7038: $? = 0
configure:7038: result: yes
configure:7038: checking for putenv
configure:7038: gcc -o conftest -O -Wall   conftest.c -lncurses  >&5
configure:7038: $? = 0
configure:7038: result: yes
configure:7038: checking for qsort
configure:7038: gcc -o conftest -O -Wall   conftest.c -lncurses  >&5
configure:7038: $? = 0
configure:7038: result: yes
configure:7038: checking for select
configure:7038: gcc -o conftest -O -Wall   conftest.c -lncurses  >&5
configure:7038: $? = 0
configure:7038: result: yes
configure:7038: checking for setenv
configure:7038: gcc -o conftest -O -Wall   conftest.c -lncurses  >&5
configure:7038: $? = 0
configure:7038: result: yes
configure:7038: checking for setpgid
configure:7038: gcc -o conftest -O -Wall   conftest.c -lncurses  >&5
configure:7038: $? = 0
configure:7038: result: yes
configure:7038: checking for setsid
configure:7038: gcc -o conftest -O -Wall   conftest.c -lncurses  >&5
configure:7038: $? = 0
configure:7038: result: yes
configure:7038: checking for sigset
configure:7038: gcc -o conftest -O -Wall   conftest.c -lncurses  >&5
configure:7038: $? = 0
configure:7038: result: yes
configure:7038: checking for strcasecmp
configure:7038: gcc -o conftest -O -Wall   conftest.c -lncurses  >&5
conftest.c:102:6: warning: conflicting types for built-in function 'strcasecmp'
 char strcasecmp ();
      ^~~~~~~~~~
configure:7038: $? = 0
configure:7038: result: yes
configure:7038: checking for strerror
configure:7038: gcc -o conftest -O -Wall   conftest.c -lncurses  >&5
configure:7038: $? = 0
configure:7038: result: yes
configure:7038: checking for strftime
configure:7038: gcc -o conftest -O -Wall   conftest.c -lncurses  >&5
conftest.c:104:6: warning: conflicting types for built-in function 'strftime'
 char strftime ();
      ^~~~~~~~
configure:7038: $? = 0
configure:7038: result: yes
configure:7038: checking for stricmp
configure:7038: gcc -o conftest -O -Wall   conftest.c -lncurses  >&5
/tmp/ccOrwxcf.o: In function `main':
conftest.c:(.text+0xa): undefined reference to `stricmp'
collect2: error: ld returned 1 exit status
configure:7038: $? = 1
configure: failed program was:
| /* confdefs.h */
| #define PACKAGE_NAME ""
| #define PACKAGE_TARNAME ""
| #define PACKAGE_VERSION ""
| #define PACKAGE_STRING ""
| #define PACKAGE_BUGREPORT ""
| #define PACKAGE_URL ""
| #define UNIX 1
| #define HAVE_DATE_TIME 1
| #define STDC_HEADERS 1
| #define HAVE_SYS_TYPES_H 1
| #define HAVE_SYS_STAT_H 1
| #define HAVE_STDLIB_H 1
| #define HAVE_STRING_H 1
| #define HAVE_MEMORY_H 1
| #define HAVE_STRINGS_H 1
| #define HAVE_INTTYPES_H 1
| #define HAVE_STDINT_H 1
| #define HAVE_UNISTD_H 1
| #define SVR4 1
| #define HAVE_DIRENT_H 1
| #define STDC_HEADERS 1
| #define HAVE_SYS_WAIT_H 1
| #define HAVE_STDLIB_H 1
| #define HAVE_STRING_H 1
| #define HAVE_SYS_SELECT_H 1
| #define HAVE_SYS_UTSNAME_H 1
| #define HAVE_TERMCAP_H 1
| #define HAVE_FCNTL_H 1
| #define HAVE_SGTTY_H 1
| #define HAVE_SYS_IOCTL_H 1
| #define HAVE_SYS_TIME_H 1
| #define HAVE_TERMIO_H 1
| #define HAVE_UNISTD_H 1
| #define HAVE_STROPTS_H 1
| #define HAVE_ERRNO_H 1
| #define HAVE_STRINGS_H 1
| #define HAVE_LOCALE_H 1
| #define HAVE_TERMIOS_H 1
| #define HAVE_SYS_STATFS_H 1
| #define HAVE_POLL_H 1
| #define HAVE_SYS_POLL_H 1
| #define HAVE_PWD_H 1
| #define HAVE_UTIME_H 1
| #define HAVE_SYS_PARAM_H 1
| #define TIME_WITH_SYS_TIME 1
| #define HAVE_LIBNCURSES 1
| #define TERMINFO 1
| #define HAVE_OSPEED 1
| #define HAVE_UP_BC_PC 1
| #define SYS_SELECT_WITH_SYS_TIME 1
| #define RETSIGTYPE void
| #define SIGRETURN return
| #define HAVE_SIGCONTEXT 1
| #define HAVE_BCMP 1
| #define HAVE_FCHDIR 1
| #define HAVE_FCHOWN 1
| #define HAVE_FSEEKO 1
| #define HAVE_FSYNC 1
| #define HAVE_FTELLO 1
| #define HAVE_GETCWD 1
| #define HAVE_GETPWNAM 1
| #define HAVE_GETPWUID 1
| #define HAVE_GETTIMEOFDAY 1
| #define HAVE_GETWD 1
| #define HAVE_LSTAT 1
| #define HAVE_MEMCMP 1
| #define HAVE_MEMSET 1
| #define HAVE_NANOSLEEP 1
| #define HAVE_OPENDIR 1
| #define HAVE_PUTENV 1
| #define HAVE_QSORT 1
| #define HAVE_SELECT 1
| #define HAVE_SETENV 1
| #define HAVE_SETPGID 1
| #define HAVE_SETSID 1
| #define HAVE_SIGSET 1
| #define HAVE_STRCASECMP 1
| #define HAVE_STRERROR 1
| #define HAVE_STRFTIME 1
| /* end confdefs.h.  */
| /* Define stricmp to an innocuous variant, in case <limits.h> declares stricmp.
|    For example, HP-UX 11i <limits.h> declares gettimeofday.  */
| #define stricmp innocuous_stricmp
| 
| /* System header to define __stub macros and hopefully few prototypes,
|     which can conflict with char stricmp (); below.
|     Prefer <limits.h> to <assert.h> if __STDC__ is defined, since
|     <limits.h> exists even on freestanding compilers.  */
| 
| #ifdef __STDC__
| # include <limits.h>
| #else
| # include <assert.h>
| #endif
| 
| #undef stricmp
| 
| /* Override any GCC internal prototype to avoid an error.
|    Use char because int might match the return type of a GCC
|    builtin and then its argument prototype would still apply.  */
| #ifdef __cplusplus
| extern "C"
| #endif
| char stricmp ();
| /* The GNU C library defines this for functions which it implements
|     to always fail with ENOSYS.  Some functions are actually named
|     something starting with __ and the normal name is an alias.  */
| #if defined __stub_stricmp || defined __stub___stricmp
| choke me
| #endif
| 
| int
| main ()
| {
| return stricmp ();
|   ;
|   return 0;
| }
configure:7038: result: no
configure:7038: checking for strncasecmp
configure:7038: gcc -o conftest -O -Wall   conftest.c -lncurses  >&5
conftest.c:105:6: warning: conflicting types for built-in function 'strncasecmp'
 char strncasecmp ();
      ^~~~~~~~~~~
configure:7038: $? = 0
configure:7038: result: yes
configure:7038: checking for strnicmp
configure:7038: gcc -o conftest -O -Wall   conftest.c -lncurses  >&5
/tmp/ccSZpRZt.o: In function `main':
conftest.c:(.text+0xa): undefined reference to `strnicmp'
collect2: error: ld returned 1 exit status
configure:7038: $? = 1
configure: failed program was:
| /* confdefs.h */
| #define PACKAGE_NAME ""
| #define PACKAGE_TARNAME ""
| #define PACKAGE_VERSION ""
| #define PACKAGE_STRING ""
| #define PACKAGE_BUGREPORT ""
| #define PACKAGE_URL ""
| #define UNIX 1
| #define HAVE_DATE_TIME 1
| #define STDC_HEADERS 1
| #define HAVE_SYS_TYPES_H 1
| #define HAVE_SYS_STAT_H 1
| #define HAVE_STDLIB_H 1
| #define HAVE_STRING_H 1
| #define HAVE_MEMORY_H 1
| #define HAVE_STRINGS_H 1
| #define HAVE_INTTYPES_H 1
| #define HAVE_STDINT_H 1
| #define HAVE_UNISTD_H 1
| #define SVR4 1
| #define HAVE_DIRENT_H 1
| #define STDC_HEADERS 1
| #define HAVE_SYS_WAIT_H 1
| #define HAVE_STDLIB_H 1
| #define HAVE_STRING_H 1
| #define HAVE_SYS_SELECT_H 1
| #define HAVE_SYS_UTSNAME_H 1
| #define HAVE_TERMCAP_H 1
| #define HAVE_FCNTL_H 1
| #define HAVE_SGTTY_H 1
| #define HAVE_SYS_IOCTL_H 1
| #define HAVE_SYS_TIME_H 1
| #define HAVE_TERMIO_H 1
| #define HAVE_UNISTD_H 1
| #define HAVE_STROPTS_H 1
| #define HAVE_ERRNO_H 1
| #define HAVE_STRINGS_H 1
| #define HAVE_LOCALE_H 1
| #define HAVE_TERMIOS_H 1
| #define HAVE_SYS_STATFS_H 1
| #define HAVE_POLL_H 1
| #define HAVE_SYS_POLL_H 1
| #define HAVE_PWD_H 1
| #define HAVE_UTIME_H 1
| #define HAVE_SYS_PARAM_H 1
| #define TIME_WITH_SYS_TIME 1
| #define HAVE_LIBNCURSES 1
| #define TERMINFO 1
| #define HAVE_OSPEED 1
| #define HAVE_UP_BC_PC 1
| #define SYS_SELECT_WITH_SYS_TIME 1
| #define RETSIGTYPE void
| #define SIGRETURN return
| #define HAVE_SIGCONTEXT 1
| #define HAVE_BCMP 1
| #define HAVE_FCHDIR 1
| #define HAVE_FCHOWN 1
| #define HAVE_FSEEKO 1
| #define HAVE_FSYNC 1
| #define HAVE_FTELLO 1
| #define HAVE_GETCWD 1
| #define HAVE_GETPWNAM 1
| #define HAVE_GETPWUID 1
| #define HAVE_GETTIMEOFDAY 1
| #define HAVE_GETWD 1
| #define HAVE_LSTAT 1
| #define HAVE_MEMCMP 1
| #define HAVE_MEMSET 1
| #define HAVE_NANOSLEEP 1
| #define HAVE_OPENDIR 1
| #define HAVE_PUTENV 1
| #define HAVE_QSORT 1
| #define HAVE_SELECT 1
| #define HAVE_SETENV 1
| #define HAVE_SETPGID 1
| #define HAVE_SETSID 1
| #define HAVE_SIGSET 1
| #define HAVE_STRCASECMP 1
| #define HAVE_STRERROR 1
| #define HAVE_STRFTIME 1
| #define HAVE_STRNCASECMP 1
| /* end confdefs.h.  */
| /* Define strnicmp to an innocuous variant, in case <limits.h> declares strnicmp.
|    For example, HP-UX 11i <limits.h> declares gettimeofday.  */
| #define strnicmp innocuous_strnicmp
| 
| /* System header to define __stub macros and hopefully few prototypes,
|     which can conflict with char strnicmp (); below.
|     Prefer <limits.h> to <assert.h> if __STDC__ is defined, since
|     <limits.h> exists even on freestanding compilers.  */
| 
| #ifdef __STDC__
| # include <limits.h>
| #else
| # include <assert.h>
| #endif
| 
| #undef strnicmp
| 
| /* Override any GCC internal prototype to avoid an error.
|    Use char because int might match the return type of a GCC
|    builtin and then its argument prototype would still apply.  */
| #ifdef __cplusplus
| extern "C"
| #endif
| char strnicmp ();
| /* The GNU C library defines this for functions which it implements
|     to always fail with ENOSYS.  Some functions are actually named
|     something starting with __ and the normal name is an alias.  */
| #if defined __stub_strnicmp || defined __stub___strnicmp
| choke me
| #endif
| 
| int
| main ()
| {
| return strnicmp ();
|   ;
|   return 0;
| }
configure:7038: result: no
configure:7038: checking for strpbrk
configure:7038: gcc -o conftest -O -Wall   conftest.c -lncurses  >&5
conftest.c:106:6: warning: conflicting types for built-in function 'strpbrk'
 char strpbrk ();
      ^~~~~~~
configure:7038: $? = 0
configure:7038: result: yes
configure:7038: checking for strtol
configure:7038: gcc -o conftest -O -Wall   conftest.c -lncurses  >&5
configure:7038: $? = 0
configure:7038: result: yes
configure:7038: checking for tgetent
configure:7038: gcc -o conftest -O -Wall   conftest.c -lncurses  >&5
configure:7038: $? = 0
configure:7038: result: yes
configure:7038: checking for usleep
configure:7038: gcc -o conftest -O -Wall   conftest.c -lncurses  >&5
configure:7038: $? = 0
configure:7038: result: yes
configure:7038: checking for utime
configure:7038: gcc -o conftest -O -Wall   conftest.c -lncurses  >&5
configure:7038: $? = 0
configure:7038: result: yes
configure:7038: checking for utimes
configure:7038: gcc -o conftest -O -Wall   conftest.c -lncurses  >&5
configure:7038: $? = 0
configure:7038: result: yes
configure:7048: checking for st_blksize
configure:7066: gcc -c -O -Wall  conftest.c >&5
conftest.c: In function 'main':
conftest.c:95:6: warning: variable 'n' set but not used [-Wunused-but-set-variable]
  int n;
      ^
configure:7066: $? = 0
configure:7067: result: yes
configure:7076: checking --enable-gpm argument
configure:7085: result: no
configure:7126: checking for rename
configure:7139: gcc -o conftest -O -Wall   conftest.c -lncurses  >&5
configure:7139: $? = 0
configure:7140: result: yes
configure:7151: checking size of int
configure:7170: gcc -o conftest -O -Wall   conftest.c -lncurses  >&5
conftest.c:92:3: warning: return type defaults to 'int' [-Wimplicit-int]
   main()
   ^~~~
conftest.c: In function 'main':
conftest.c:95:13: warning: implicit declaration of function 'exit' [-Wimplicit-function-declaration]
     if (!f) exit(1);
             ^~~~
conftest.c:95:13: warning: incompatible implicit declaration of built-in function 'exit'
conftest.c:95:13: note: include '<stdlib.h>' or provide a declaration of 'exit'
conftest.c:97:5: warning: incompatible implicit declaration of built-in function 'exit'
     exit(0);
     ^~~~
conftest.c:97:5: note: include '<stdlib.h>' or provide a declaration of 'exit'
configure:7170: $? = 0
configure:7170: ./conftest
configure:7170: $? = 0
configure:7181: result: 4
configure:7188: checking whether memmove/bcopy/memcpy handle overlaps
configure:7212: gcc -o conftest -O -Wall   conftest.c -lncurses  >&5
conftest.c:93:1: warning: return type defaults to 'int' [-Wimplicit-int]
 main() {
 ^~~~
conftest.c: In function 'main':
conftest.c:95:3: warning: implicit declaration of function 'strcpy' [-Wimplicit-function-declaration]
   strcpy(buf, "abcdefghi");
   ^~~~~~
conftest.c:95:3: warning: incompatible implicit declaration of built-in function 'strcpy'
conftest.c:95:3: note: include '<string.h>' or provide a declaration of 'strcpy'
conftest.c:92:28: warning: implicit declaration of function 'memmove' [-Wimplicit-function-declaration]
 #define mch_memmove(s,d,l) memmove(d,s,l)
                            ^
conftest.c:96:3: note: in expansion of macro 'mch_memmove'
   mch_memmove(buf, buf + 2, 3);
   ^~~~~~~~~~~
conftest.c:92:28: warning: incompatible implicit declaration of built-in function 'memmove'
 #define mch_memmove(s,d,l) memmove(d,s,l)
                            ^
conftest.c:96:3: note: in expansion of macro 'mch_memmove'
   mch_memmove(buf, buf + 2, 3);
   ^~~~~~~~~~~
conftest.c:92:28: note: include '<string.h>' or provide a declaration of 'memmove'
 #define mch_memmove(s,d,l) memmove(d,s,l)
                            ^
conftest.c:96:3: note: in expansion of macro 'mch_memmove'
   mch_memmove(buf, buf + 2, 3);
   ^~~~~~~~~~~
conftest.c:97:7: warning: implicit declaration of function 'strncmp' [-Wimplicit-function-declaration]
   if (strncmp(buf, "ababcf", 6))
       ^~~~~~~
conftest.c:98:5: warning: implicit declaration of function 'exit' [-Wimplicit-function-declaration]
     exit(1);
     ^~~~
conftest.c:98:5: warning: incompatible implicit declaration of built-in function 'exit'
conftest.c:98:5: note: include '<stdlib.h>' or provide a declaration of 'exit'
conftest.c:102:5: warning: incompatible implicit declaration of built-in function 'exit'
     exit(1);
     ^~~~
conftest.c:102:5: note: include '<stdlib.h>' or provide a declaration of 'exit'
conftest.c:103:3: warning: incompatible implicit declaration of built-in function 'exit'
   exit(0); /* libc version works properly.  */
   ^~~~
conftest.c:103:3: note: include '<stdlib.h>' or provide a declaration of 'exit'
configure:7212: $? = 0
configure:7212: ./conftest
configure:7212: $? = 0
configure:7214: result: memmove does
configure:7451: checking for _xpg4_setrunelocale in -lxpg4
configure:7476: gcc -o conftest -O -Wall   conftest.c -lxpg4  -lncurses  >&5
/usr/bin/x86_64-linux-gnu-ld: cannot find -lxpg4
collect2: error: ld returned 1 exit status
configure:7476: $? = 1
configure: failed program was:
| /* confdefs.h */
| #define PACKAGE_NAME ""
| #define PACKAGE_TARNAME ""
| #define PACKAGE_VERSION ""
| #define PACKAGE_STRING ""
| #define PACKAGE_BUGREPORT ""
| #define PACKAGE_URL ""
| #define UNIX 1
| #define HAVE_DATE_TIME 1
| #define STDC_HEADERS 1
| #define HAVE_SYS_TYPES_H 1
| #define HAVE_SYS_STAT_H 1
| #define HAVE_STDLIB_H 1
| #define HAVE_STRING_H 1
| #define HAVE_MEMORY_H 1
| #define HAVE_STRINGS_H 1
| #define HAVE_INTTYPES_H 1
| #define HAVE_STDINT_H 1
| #define HAVE_UNISTD_H 1
| #define SVR4 1
| #define HAVE_DIRENT_H 1
| #define STDC_HEADERS 1
| #define HAVE_SYS_WAIT_H 1
| #define HAVE_STDLIB_H 1
| #define HAVE_STRING_H 1
| #define HAVE_SYS_SELECT_H 1
| #define HAVE_SYS_UTSNAME_H 1
| #define HAVE_TERMCAP_H 1
| #define HAVE_FCNTL_H 1
| #define HAVE_SGTTY_H 1
| #define HAVE_SYS_IOCTL_H 1
| #define HAVE_SYS_TIME_H 1
| #define HAVE_TERMIO_H 1
| #define HAVE_UNISTD_H 1
| #define HAVE_STROPTS_H 1
| #define HAVE_ERRNO_H 1
| #define HAVE_STRINGS_H 1
| #define HAVE_LOCALE_H 1
| #define HAVE_TERMIOS_H 1
| #define HAVE_SYS_STATFS_H 1
| #define HAVE_POLL_H 1
| #define HAVE_SYS_POLL_H 1
| #define HAVE_PWD_H 1
| #define HAVE_UTIME_H 1
| #define HAVE_SYS_PARAM_H 1
| #define TIME_WITH_SYS_TIME 1
| #define HAVE_LIBNCURSES 1
| #define TERMINFO 1
| #define HAVE_OSPEED 1
| #define HAVE_UP_BC_PC 1
| #define SYS_SELECT_WITH_SYS_TIME 1
| #define RETSIGTYPE void
| #define SIGRETURN return
| #define HAVE_SIGCONTEXT 1
| #define HAVE_BCMP 1
| #define HAVE_FCHDIR 1
| #define HAVE_FCHOWN 1
| #define HAVE_FSEEKO 1
| #define HAVE_FSYNC 1
| #define HAVE_FTELLO 1
| #define HAVE_GETCWD 1
| #define HAVE_GETPWNAM 1
| #define HAVE_GETPWUID 1
| #define HAVE_GETTIMEOFDAY 1
| #define HAVE_GETWD 1
| #define HAVE_LSTAT 1
| #define HAVE_MEMCMP 1
| #define HAVE_MEMSET 1
| #define HAVE_NANOSLEEP 1
| #define HAVE_OPENDIR 1
| #define HAVE_PUTENV 1
| #define HAVE_QSORT 1
| #define HAVE_SELECT 1
| #define HAVE_SETENV 1
| #define HAVE_SETPGID 1
| #define HAVE_SETSID 1
| #define HAVE_SIGSET 1
| #define HAVE_STRCASECMP 1
| #define HAVE_STRERROR 1
| #define HAVE_STRFTIME 1
| #define HAVE_STRNCASECMP 1
| #define HAVE_STRPBRK 1
| #define HAVE_STRTOL 1
| #define HAVE_TGETENT 1
| #define HAVE_USLEEP 1
| #define HAVE_UTIME 1
| #define HAVE_UTIMES 1
| #define HAVE_ST_BLKSIZE 1
| #define HAVE_RENAME 1
| #define SIZEOF_INT 4
| #define USEMEMMOVE 1
| /* end confdefs.h.  */
| 
| /* Override any GCC internal prototype to avoid an error.
|    Use char because int might match the return type of a GCC
|    builtin and then its argument prototype would still apply.  */
| #ifdef __cplusplus
| extern "C"
| #endif
| char _xpg4_setrunelocale ();
| int
| main ()
| {
| return _xpg4_setrunelocale ();
|   ;
|   return 0;
| }
configure:7485: result: no
configure:7492: checking how to create tags
etags: no input files specified.
	Try 'etags --help' for a complete list of options.
ctags: invalid option -- 's'
	Try 'ctags --help' for a complete list of options.
ctags: invalid option -- 's'
	Try 'ctags --help' for a complete list of options.
ctags: invalid option -- 'i'
	Try 'ctags --help' for a complete list of options.
configure:7503: result: ctags -t
configure:7506: checking how to run man with a section nr
configure:7510: result: man -s
configure:7633: creating ./config.status

## ---------------------- ##
## Running config.status. ##
## ---------------------- ##

This file was extended by config.status, which was
generated by GNU Autoconf 2.69.  Invocation command line was

  CONFIG_FILES    = 
  CONFIG_HEADERS  = 
  CONFIG_LINKS    = 
  CONFIG_COMMANDS = 
  $ ./config.status 

on qx-debloat

config.status:920: creating config.mk
config.status:1019: WARNING:  'config.mk.in' seems to ignore the --datarootdir setting
config.status:920: creating config.h
config.status:1090: config.h is unchanged

## ---------------- ##
## Cache variables. ##
## ---------------- ##

ac_cv_c_compiler_gnu=yes
ac_cv_c_const=yes
ac_cv_env_CC_set=set
ac_cv_env_CC_value=gcc
ac_cv_env_CFLAGS_set=set
ac_cv_env_CFLAGS_value=-O
ac_cv_env_CPPFLAGS_set=set
ac_cv_env_CPPFLAGS_value=
ac_cv_env_CPP_set=
ac_cv_env_CPP_value=
ac_cv_env_LDFLAGS_set=set
ac_cv_env_LDFLAGS_value=
ac_cv_env_LIBS_set=
ac_cv_env_LIBS_value=
ac_cv_env_XMKMF_set=
ac_cv_env_XMKMF_value=
ac_cv_env_build_alias_set=
ac_cv_env_build_alias_value=
ac_cv_env_host_alias_set=
ac_cv_env_host_alias_value=
ac_cv_env_target_alias_set=
ac_cv_env_target_alias_value=
ac_cv_func_bcmp=yes
ac_cv_func_fchdir=yes
ac_cv_func_fchown=yes
ac_cv_func_fseeko=yes
ac_cv_func_fsync=yes
ac_cv_func_ftello=yes
ac_cv_func_getcwd=yes
ac_cv_func_getpwnam=yes
ac_cv_func_getpwuid=yes
ac_cv_func_gettimeofday=yes
ac_cv_func_getwd=yes
ac_cv_func_lstat=yes
ac_cv_func_memcmp=yes
ac_cv_func_memset=yes
ac_cv_func_nanosleep=yes
ac_cv_func_opendir=yes
ac_cv_func_putenv=yes
ac_cv_func_qsort=yes
ac_cv_func_select=yes
ac_cv_func_setenv=yes
ac_cv_func_setpgid=yes
ac_cv_func_setsid=yes
ac_cv_func_sigset=yes
ac_cv_func_strcasecmp=yes
ac_cv_func_strerror=yes
ac_cv_func_strftime=yes
ac_cv_func_stricmp=no
ac_cv_func_strncasecmp=yes
ac_cv_func_strnicmp=no
ac_cv_func_strpbrk=yes
ac_cv_func_strtol=yes
ac_cv_func_tgetent=yes
ac_cv_func_usleep=yes
ac_cv_func_utime=yes
ac_cv_func_utimes=yes
ac_cv_header_Xm_Xm_h=no
ac_cv_header_dirent_dirent_h=yes
ac_cv_header_elf_h=yes
ac_cv_header_errno_h=yes
ac_cv_header_fcntl_h=yes
ac_cv_header_inttypes_h=yes
ac_cv_header_libc_h=no
ac_cv_header_locale_h=yes
ac_cv_header_memory_h=yes
ac_cv_header_poll_h=yes
ac_cv_header_pwd_h=yes
ac_cv_header_sgtty_h=yes
ac_cv_header_stdc=yes
ac_cv_header_stdint_h=yes
ac_cv_header_stdlib_h=yes
ac_cv_header_string_h=yes
ac_cv_header_strings_h=yes
ac_cv_header_stropts_h=yes
ac_cv_header_sys_ioctl_h=yes
ac_cv_header_sys_param_h=yes
ac_cv_header_sys_poll_h=yes
ac_cv_header_sys_ptem_h=no
ac_cv_header_sys_select_h=yes
ac_cv_header_sys_stat_h=yes
ac_cv_header_sys_statfs_h=yes
ac_cv_header_sys_stream_h=no
ac_cv_header_sys_systeminfo_h=no
ac_cv_header_sys_time_h=yes
ac_cv_header_sys_types_h=yes
ac_cv_header_sys_utsname_h=yes
ac_cv_header_sys_wait_h=yes
ac_cv_header_termcap_h=yes
ac_cv_header_termio_h=yes
ac_cv_header_termios_h=yes
ac_cv_header_time=yes
ac_cv_header_unistd_h=yes
ac_cv_header_utime_h=yes
ac_cv_lib_elf_main=no
ac_cv_lib_ncurses___tgetent=yes
ac_cv_lib_xpg4__xpg4_setrunelocale=no
ac_cv_objext=o
ac_cv_path_EGREP='/bin/grep -E'
ac_cv_path_GREP=/bin/grep
ac_cv_prog_AWK=gawk
ac_cv_prog_CPP='gcc -E'
ac_cv_prog_STRIP=strip
ac_cv_prog_ac_ct_CC=gcc
ac_cv_prog_cc_c89=
ac_cv_prog_cc_g=yes
ac_cv_prog_gcc_traditional=no
ac_cv_prog_make_make_set=yes
ac_cv_search_opendir='none required'
ac_cv_search_strerror='none required'
ac_cv_sizeof_int=4
ac_cv_type_ino_t=yes
ac_cv_type_mode_t=yes
ac_cv_type_off_t=yes
ac_cv_type_pid_t=yes
ac_cv_type_signal=void
ac_cv_type_size_t=yes
ac_cv_type_uid_t=yes

## ----------------- ##
## Output variables. ##
## ----------------- ##

AWK='gawk'
CC='gcc'
CFLAGS='-O -Wall'
CPP='gcc -E'
CPPFLAGS=''
CPP_MM='M'
DEFS='-DHAVE_CONFIG_H'
ECHO_C=''
ECHO_N='-n'
ECHO_T=''
EGREP='/bin/grep -E'
EXEEXT=''
GREP='/bin/grep'
GTK_CFLAGS=''
GTK_CONFIG=''
GTK_LIBS=''
GUITYPE='NONE'
GUI_INC_LOC=''
GUI_LIB_LOC=''
GUI_X_LIBS=''
HANGULIN_OBJ=''
HANGULIN_SRC=''
LDFLAGS=''
LIBOBJS=''
LIBS='-lncurses '
LTLIBOBJS=''
MOTIF_LIBNAME=''
NARROW_PROTO=''
OBJEXT='o'
OS_EXTRA_OBJ=''
OS_EXTRA_SRC=''
PACKAGE_BUGREPORT=''
PACKAGE_NAME=''
PACKAGE_STRING=''
PACKAGE_TARNAME=''
PACKAGE_URL=''
PACKAGE_VERSION=''
PATH_SEPARATOR=':'
PERL_CFLAGS=''
PERL_OBJ=''
PERL_PRO=''
PERL_SRC=''
PYTHON_CFLAGS=''
PYTHON_CONFDIR=''
PYTHON_GETPATH_CFLAGS=''
PYTHON_LIBS=''
PYTHON_OBJ=''
PYTHON_SRC=''
SET_MAKE=''
SHELL='/bin/bash'
STRIP='strip'
TAGPRG='ctags -t'
TCL_CFLAGS=''
TCL_LIBS=''
TCL_OBJ=''
TCL_PRO=''
TCL_SRC=''
XMKMF=''
X_CFLAGS=''
X_EXTRA_LIBS=''
X_LIB=''
X_LIBS=''
X_PRE_LIBS=''
ac_ct_CC='gcc'
bindir='${exec_prefix}/bin'
build_alias=''
datadir='${datarootdir}'
datarootdir='${prefix}/share'
docdir='${datarootdir}/doc/${PACKAGE}'
dvidir='${docdir}'
exec_prefix='${prefix}'
host_alias=''
htmldir='${docdir}'
includedir='${prefix}/include'
infodir='${datarootdir}/info'
libdir='${exec_prefix}/lib'
libexecdir='${exec_prefix}/libexec'
localedir='${datarootdir}/locale'
localstatedir='${prefix}/var'
mandir='${datarootdir}/man'
oldincludedir='/usr/include'
pdfdir='${docdir}'
perllibs=''
prefix='/usr/local'
program_transform_name='s,x,x,'
psdir='${docdir}'
runstatedir='${localstatedir}/run'
sbindir='${exec_prefix}/sbin'
sharedstatedir='${prefix}/com'
shrpenv=''
sysconfdir='${prefix}/etc'
target_alias=''
vi_cv_path_perl=''
vi_cv_path_python=''
vi_cv_path_tcl=''
vi_cv_perllib=''
xmkmfpath=''

## ----------- ##
## confdefs.h. ##
## ----------- ##

/* confdefs.h */
#define PACKAGE_NAME ""
#define PACKAGE_TARNAME ""
#define PACKAGE_VERSION ""
#define PACKAGE_STRING ""
#define PACKAGE_BUGREPORT ""
#define PACKAGE_URL ""
#define UNIX 1
#define HAVE_DATE_TIME 1
#define STDC_HEADERS 1
#define HAVE_SYS_TYPES_H 1
#define HAVE_SYS_STAT_H 1
#define HAVE_STDLIB_H 1
#define HAVE_STRING_H 1
#define HAVE_MEMORY_H 1
#define HAVE_STRINGS_H 1
#define HAVE_INTTYPES_H 1
#define HAVE_STDINT_H 1
#define HAVE_UNISTD_H 1
#define SVR4 1
#define HAVE_DIRENT_H 1
#define STDC_HEADERS 1
#define HAVE_SYS_WAIT_H 1
#define HAVE_STDLIB_H 1
#define HAVE_STRING_H 1
#define HAVE_SYS_SELECT_H 1
#define HAVE_SYS_UTSNAME_H 1
#define HAVE_TERMCAP_H 1
#define HAVE_FCNTL_H 1
#define HAVE_SGTTY_H 1
#define HAVE_SYS_IOCTL_H 1
#define HAVE_SYS_TIME_H 1
#define HAVE_TERMIO_H 1
#define HAVE_UNISTD_H 1
#define HAVE_STROPTS_H 1
#define HAVE_ERRNO_H 1
#define HAVE_STRINGS_H 1
#define HAVE_LOCALE_H 1
#define HAVE_TERMIOS_H 1
#define HAVE_SYS_STATFS_H 1
#define HAVE_POLL_H 1
#define HAVE_SYS_POLL_H 1
#define HAVE_PWD_H 1
#define HAVE_UTIME_H 1
#define HAVE_SYS_PARAM_H 1
#define TIME_WITH_SYS_TIME 1
#define HAVE_LIBNCURSES 1
#define TERMINFO 1
#define HAVE_OSPEED 1
#define HAVE_UP_BC_PC 1
#define SYS_SELECT_WITH_SYS_TIME 1
#define RETSIGTYPE void
#define SIGRETURN return
#define HAVE_SIGCONTEXT 1
#define HAVE_BCMP 1
#define HAVE_FCHDIR 1
#define HAVE_FCHOWN 1
#define HAVE_FSEEKO 1
#define HAVE_FSYNC 1
#define HAVE_FTELLO 1
#define HAVE_GETCWD 1
#define HAVE_GETPWNAM 1
#define HAVE_GETPWUID 1
#define HAVE_GETTIMEOFDAY 1
#define HAVE_GETWD 1
#define HAVE_LSTAT 1
#define HAVE_MEMCMP 1
#define HAVE_MEMSET 1
#define HAVE_NANOSLEEP 1
#define HAVE_OPENDIR 1
#define HAVE_PUTENV 1
#define HAVE_QSORT 1
#define HAVE_SELECT 1
#define HAVE_SETENV 1
#define HAVE_SETPGID 1
#define HAVE_SETSID 1
#define HAVE_SIGSET 1
#define HAVE_STRCASECMP 1
#define HAVE_STRERROR 1
#define HAVE_STRFTIME 1
#define HAVE_STRNCASECMP 1
#define HAVE_STRPBRK 1
#define HAVE_STRTOL 1
#define HAVE_TGETENT 1
#define HAVE_USLEEP 1
#define HAVE_UTIME 1
#define HAVE_UTIMES 1
#define HAVE_ST_BLKSIZE 1
#define HAVE_RENAME 1
#define SIZEOF_INT 4
#define USEMEMMOVE 1
#define USEMAN_S 1

configure: exit 0
