This file contains any messages produced by compilers while
running configure, to aid debugging if configure makes a mistake.

configure:727: checking host system type
configure:1196: checking for gcc
configure:1309: checking whether the C compiler (gcc  ) works
configure:1325: gcc -o conftest    conftest.c  1>&5
configure:1322:1: warning: return type defaults to 'int' [-Wimplicit-int]
 main(){return(0);}
 ^~~~
configure:1351: checking whether the C compiler (gcc  ) is a cross-compiler
configure:1356: checking whether we are using GNU C
configure:1365: gcc -E conftest.c
configure:1384: checking whether gcc accepts -g
configure:1416: checking whether large file support needs explicit enabling
configure:1449: checking for POSIXized ISC
configure:1470: checking how to run the C preprocessor
configure:1491: gcc -E  -D_LARGEFILE64_SOURCE conftest.c >/dev/null 2>conftest.out
configure:1551: checking for minix/config.h
configure:1561: gcc -E  -D_LARGEFILE64_SOURCE conftest.c >/dev/null 2>conftest.out
configure:1557:26: fatal error: minix/config.h: No such file or directory
 #include <minix/config.h>
                          ^
compilation terminated.
configure: failed program was:
#line 1556 "configure"
#include "confdefs.h"
#include <minix/config.h>
configure:1600: checking for Cygwin environment
configure:1616: gcc -c -g -O2  -D_LARGEFILE64_SOURCE conftest.c 1>&5
configure: In function 'main':
configure:1610:20: error: '__CYGWIN32__' undeclared (first use in this function)
 #define __CYGWIN__ __CYGWIN32__
                    ^
configure:1612:8: note: in expansion of macro '__CYGWIN__'
 return __CYGWIN__;
        ^~~~~~~~~~
configure:1610:20: note: each undeclared identifier is reported only once for each function it appears in
 #define __CYGWIN__ __CYGWIN32__
                    ^
configure:1612:8: note: in expansion of macro '__CYGWIN__'
 return __CYGWIN__;
        ^~~~~~~~~~
configure: failed program was:
#line 1605 "configure"
#include "confdefs.h"

int main() {

#ifndef __CYGWIN__
#define __CYGWIN__ __CYGWIN32__
#endif
return __CYGWIN__;
; return 0; }
configure:1633: checking for mingw32 environment
configure:1645: gcc -c -g -O2  -D_LARGEFILE64_SOURCE conftest.c 1>&5
configure: In function 'main':
configure:1641:8: error: '__MINGW32__' undeclared (first use in this function)
 return __MINGW32__;
        ^~~~~~~~~~~
configure:1641:8: note: each undeclared identifier is reported only once for each function it appears in
configure: failed program was:
#line 1638 "configure"
#include "confdefs.h"

int main() {
return __MINGW32__;
; return 0; }
configure:1664: checking for executable suffix
configure:1674: gcc -o conftest -g -O2  -D_LARGEFILE64_SOURCE   conftest.c   1>&5
configure:1758: checking whether gcc needs -traditional
configure:2049: checking for a BSD compatible install
configure:2104: checking for ar
configure:2134: checking for ranlib
configure:2166: checking for bison
configure:2197: checking whether make sets ${MAKE}
configure:2233: checking for working alloca.h
configure:2245: gcc -o conftest -g -O2  -D_LARGEFILE64_SOURCE   conftest.c   1>&5
configure:2266: checking for alloca
configure:2299: gcc -o conftest -g -O2  -D_LARGEFILE64_SOURCE   conftest.c   1>&5
configure:2465: checking whether getpgrp takes no argument
configure:2528: gcc -o conftest -g -O2  -D_LARGEFILE64_SOURCE   conftest.c   1>&5
configure:2488:1: warning: return type defaults to 'int' [-Wimplicit-int]
 main()
 ^~~~
configure: In function 'main':
configure:2490:15: warning: implicit declaration of function 'getpid' [-Wimplicit-function-declaration]
         pid = getpid();
               ^~~~~~
configure:2491:15: warning: implicit declaration of function 'getpgrp' [-Wimplicit-function-declaration]
         pg1 = getpgrp(0);
               ^~~~~~~
configure:2501:17: warning: implicit declaration of function 'exit' [-Wimplicit-function-declaration]
                 exit(0);
                 ^~~~
configure:2501:17: warning: incompatible implicit declaration of built-in function 'exit'
configure:2501:17: note: include '<stdlib.h>' or provide a declaration of 'exit'
configure:2503:17: warning: implicit declaration of function 'fork' [-Wimplicit-function-declaration]
         child = fork();
                 ^~~~
configure:2505:17: warning: incompatible implicit declaration of built-in function 'exit'
                 exit(1);
                 ^~~~
configure:2505:17: note: include '<stdlib.h>' or provide a declaration of 'exit'
configure:2513:17: warning: implicit declaration of function 'setpgrp' [-Wimplicit-function-declaration]
                 setpgrp(np, pg1);
                 ^~~~~~~
configure:2516:25: warning: incompatible implicit declaration of built-in function 'exit'
                         exit(1);
                         ^~~~
configure:2516:25: note: include '<stdlib.h>' or provide a declaration of 'exit'
configure:2518:25: warning: incompatible implicit declaration of built-in function 'exit'
                         exit(0);
                         ^~~~
configure:2518:25: note: include '<stdlib.h>' or provide a declaration of 'exit'
configure:2521:17: warning: implicit declaration of function 'wait' [-Wimplicit-function-declaration]
                 wait(&s);
                 ^~~~
configure:2522:17: warning: incompatible implicit declaration of built-in function 'exit'
                 exit(s>>8);
                 ^~~~
configure:2522:17: note: include '<stdlib.h>' or provide a declaration of 'exit'
configure:2552: checking whether setvbuf arguments are reversed
configure:2574: gcc -o conftest -g -O2  -D_LARGEFILE64_SOURCE   conftest.c   1>&5
configure:2563:1: warning: return type defaults to 'int' [-Wimplicit-int]
 main () {
 ^~~~
configure: In function 'main':
configure:2567:23: warning: passing argument 2 of 'setvbuf' makes pointer from integer without a cast [-Wint-conversion]
   if (setvbuf(stdout, _IOLBF, (char *) main, BUFSIZ) != 0)
                       ^~~~~~
In file included from configure:2561:0:
/usr/include/stdio.h:294:12: note: expected 'char * restrict' but argument is of type 'int'
 extern int setvbuf (FILE *__restrict __stream, char *__restrict __buf,
            ^~~~~~~
configure:2567:31: warning: passing argument 3 of 'setvbuf' makes integer from pointer without a cast [-Wint-conversion]
   if (setvbuf(stdout, _IOLBF, (char *) main, BUFSIZ) != 0)
                               ^
In file included from configure:2561:0:
/usr/include/stdio.h:294:12: note: expected 'int' but argument is of type 'char *'
 extern int setvbuf (FILE *__restrict __stream, char *__restrict __buf,
            ^~~~~~~
configure:2568:5: warning: implicit declaration of function 'exit' [-Wimplicit-function-declaration]
     exit(1);
     ^~~~
configure:2568:5: warning: incompatible implicit declaration of built-in function 'exit'
configure:2568:5: note: include '<stdlib.h>' or provide a declaration of 'exit'
configure:2570:3: warning: incompatible implicit declaration of built-in function 'exit'
   exit(0);   /* Non-reversed systems segv here.  */
   ^~~~
configure:2570:3: note: include '<stdlib.h>' or provide a declaration of 'exit'
configure: failed program was:
#line 2560 "configure"
#include "confdefs.h"
#include <stdio.h>
/* If setvbuf has the reversed format, exit 0. */
main () {
  /* This call has the arguments reversed.
     A reversed system may check and see that the address of main
     is not _IOLBF, _IONBF, or _IOFBF, and return nonzero.  */
  if (setvbuf(stdout, _IOLBF, (char *) main, BUFSIZ) != 0)
    exit(1);
  putc('\r', stdout);
  exit(0);			/* Non-reversed systems segv here.  */
}
configure:2598: checking for vprintf
configure:2626: gcc -o conftest -g -O2  -D_LARGEFILE64_SOURCE   conftest.c   1>&5
configure:2610:6: warning: conflicting types for built-in function 'vprintf'
 char vprintf();
      ^~~~~~~
configure:2703: checking for wait3 that fills in rusage
configure:2742: gcc -o conftest -g -O2  -D_LARGEFILE64_SOURCE   conftest.c   1>&5
configure:2717:1: warning: return type defaults to 'int' [-Wimplicit-int]
 main() {
 ^~~~
configure: In function 'main':
configure:2728:11: warning: implicit declaration of function 'fork' [-Wimplicit-function-declaration]
   switch (fork()) {
           ^~~~
configure:2730:5: warning: implicit declaration of function 'sleep' [-Wimplicit-function-declaration]
     sleep(1); /* Give up the CPU.  */
     ^~~~~
configure:2731:5: warning: implicit declaration of function '_exit' [-Wimplicit-function-declaration]
     _exit(0);
     ^~~~~
configure:2731:5: warning: incompatible implicit declaration of built-in function '_exit'
configure:2734:5: warning: implicit declaration of function 'wait3' [-Wimplicit-function-declaration]
     wait3(&i, 0, &r);
     ^~~~~
configure:2736:5: warning: implicit declaration of function 'exit' [-Wimplicit-function-declaration]
     exit(r.ru_nvcsw == 0 && r.ru_majflt == 0 && r.ru_minflt == 0
     ^~~~
configure:2736:5: warning: incompatible implicit declaration of built-in function 'exit'
configure:2736:5: note: include '<stdlib.h>' or provide a declaration of 'exit'
configure:2765: checking for working strcoll
configure:2783: gcc -o conftest -g -O2  -D_LARGEFILE64_SOURCE   conftest.c   1>&5
configure:2775:1: warning: return type defaults to 'int' [-Wimplicit-int]
 main ()
 ^~~~
configure: In function 'main':
configure:2777:3: warning: implicit declaration of function 'exit' [-Wimplicit-function-declaration]
   exit (strcoll ("abc", "def") >= 0 ||
   ^~~~
configure:2777:3: warning: incompatible implicit declaration of built-in function 'exit'
configure:2777:3: note: include '<stdlib.h>' or provide a declaration of 'exit'
configure:2831: checking return type of signal handlers
configure:2853: gcc -c -g -O2  -D_LARGEFILE64_SOURCE conftest.c 1>&5
configure:2873: checking for __setostype
configure:2901: gcc -o conftest -g -O2  -D_LARGEFILE64_SOURCE   conftest.c   1>&5
/tmp/ccbYblet.o: In function `main':
/home/qxin6/debaug_expt/debaug/working/bash/source/configure:2895: undefined reference to `__setostype'
collect2: error: ld returned 1 exit status
configure: failed program was:
#line 2878 "configure"
#include "confdefs.h"
/* System header to define __stub macros and hopefully few prototypes,
    which can conflict with char __setostype(); below.  */
#include <assert.h>
/* Override any gcc2 internal prototype to avoid an error.  */
/* We use char because int might match the return type of a gcc2
    builtin and then its argument prototype would still apply.  */
char __setostype();

int main() {

/* The GNU C library defines this for functions which it implements
    to always fail with ENOSYS.  Some functions are actually named
    something starting with __ and the normal name is an alias.  */
#if defined (__stub___setostype) || defined (__stub_____setostype)
choke me
#else
__setostype();
#endif

; return 0; }
configure:2924: checking for wait3
configure:2952: gcc -o conftest -g -O2  -D_LARGEFILE64_SOURCE   conftest.c   1>&5
configure:2976: checking for mkfifo
configure:3004: gcc -o conftest -g -O2  -D_LARGEFILE64_SOURCE   conftest.c   1>&5
configure:3037: checking for dup2
configure:3065: gcc -o conftest -g -O2  -D_LARGEFILE64_SOURCE   conftest.c   1>&5
configure:3037: checking for select
configure:3065: gcc -o conftest -g -O2  -D_LARGEFILE64_SOURCE   conftest.c   1>&5
configure:3037: checking for getdtablesize
configure:3065: gcc -o conftest -g -O2  -D_LARGEFILE64_SOURCE   conftest.c   1>&5
configure:3037: checking for getgroups
configure:3065: gcc -o conftest -g -O2  -D_LARGEFILE64_SOURCE   conftest.c   1>&5
configure:3037: checking for gethostname
configure:3065: gcc -o conftest -g -O2  -D_LARGEFILE64_SOURCE   conftest.c   1>&5
configure:3037: checking for setdtablesize
configure:3065: gcc -o conftest -g -O2  -D_LARGEFILE64_SOURCE   conftest.c   1>&5
/tmp/ccuF1qF9.o: In function `main':
/home/qxin6/debaug_expt/debaug/working/bash/source/configure:3059: undefined reference to `setdtablesize'
collect2: error: ld returned 1 exit status
configure: failed program was:
#line 3042 "configure"
#include "confdefs.h"
/* System header to define __stub macros and hopefully few prototypes,
    which can conflict with char setdtablesize(); below.  */
#include <assert.h>
/* Override any gcc2 internal prototype to avoid an error.  */
/* We use char because int might match the return type of a gcc2
    builtin and then its argument prototype would still apply.  */
char setdtablesize();

int main() {

/* The GNU C library defines this for functions which it implements
    to always fail with ENOSYS.  Some functions are actually named
    something starting with __ and the normal name is an alias.  */
#if defined (__stub_setdtablesize) || defined (__stub___setdtablesize)
choke me
#else
setdtablesize();
#endif

; return 0; }
configure:3037: checking for getpagesize
configure:3065: gcc -o conftest -g -O2  -D_LARGEFILE64_SOURCE   conftest.c   1>&5
configure:3037: checking for killpg
configure:3065: gcc -o conftest -g -O2  -D_LARGEFILE64_SOURCE   conftest.c   1>&5
configure:3037: checking for lstat
configure:3065: gcc -o conftest -g -O2  -D_LARGEFILE64_SOURCE   conftest.c   1>&5
configure:3037: checking for getpeername
configure:3065: gcc -o conftest -g -O2  -D_LARGEFILE64_SOURCE   conftest.c   1>&5
configure:3037: checking for sbrk
configure:3065: gcc -o conftest -g -O2  -D_LARGEFILE64_SOURCE   conftest.c   1>&5
configure:3037: checking for getrlimit
configure:3065: gcc -o conftest -g -O2  -D_LARGEFILE64_SOURCE   conftest.c   1>&5
configure:3037: checking for getrusage
configure:3065: gcc -o conftest -g -O2  -D_LARGEFILE64_SOURCE   conftest.c   1>&5
configure:3037: checking for gettimeofday
configure:3065: gcc -o conftest -g -O2  -D_LARGEFILE64_SOURCE   conftest.c   1>&5
configure:3037: checking for waitpid
configure:3065: gcc -o conftest -g -O2  -D_LARGEFILE64_SOURCE   conftest.c   1>&5
configure:3037: checking for tcgetpgrp
configure:3065: gcc -o conftest -g -O2  -D_LARGEFILE64_SOURCE   conftest.c   1>&5
configure:3037: checking for readlink
configure:3065: gcc -o conftest -g -O2  -D_LARGEFILE64_SOURCE   conftest.c   1>&5
configure:3037: checking for rename
configure:3065: gcc -o conftest -g -O2  -D_LARGEFILE64_SOURCE   conftest.c   1>&5
configure:3097: checking for bcopy
configure:3125: gcc -o conftest -g -O2  -D_LARGEFILE64_SOURCE   conftest.c   1>&5
configure:3109:6: warning: conflicting types for built-in function 'bcopy'
 char $ac_func();
      ^~~~~
configure:3097: checking for bzero
configure:3125: gcc -o conftest -g -O2  -D_LARGEFILE64_SOURCE   conftest.c   1>&5
configure:3109:6: warning: conflicting types for built-in function 'bzero'
 char $ac_func();
      ^~~~~
configure:3097: checking for confstr
configure:3125: gcc -o conftest -g -O2  -D_LARGEFILE64_SOURCE   conftest.c   1>&5
configure:3097: checking for getcwd
configure:3125: gcc -o conftest -g -O2  -D_LARGEFILE64_SOURCE   conftest.c   1>&5
configure:3097: checking for strcasecmp
configure:3125: gcc -o conftest -g -O2  -D_LARGEFILE64_SOURCE   conftest.c   1>&5
configure:3109:6: warning: conflicting types for built-in function 'strcasecmp'
 char $ac_func();
      ^~~~~~~~~~
configure:3097: checking for setenv
configure:3125: gcc -o conftest -g -O2  -D_LARGEFILE64_SOURCE   conftest.c   1>&5
configure:3097: checking for putenv
configure:3125: gcc -o conftest -g -O2  -D_LARGEFILE64_SOURCE   conftest.c   1>&5
configure:3097: checking for setlinebuf
configure:3125: gcc -o conftest -g -O2  -D_LARGEFILE64_SOURCE   conftest.c   1>&5
configure:3097: checking for setlocale
configure:3125: gcc -o conftest -g -O2  -D_LARGEFILE64_SOURCE   conftest.c   1>&5
configure:3097: checking for strchr
configure:3125: gcc -o conftest -g -O2  -D_LARGEFILE64_SOURCE   conftest.c   1>&5
configure:3109:6: warning: conflicting types for built-in function 'strchr'
 char $ac_func();
      ^~~~~~
configure:3097: checking for strerror
configure:3125: gcc -o conftest -g -O2  -D_LARGEFILE64_SOURCE   conftest.c   1>&5
configure:3097: checking for strtod
configure:3125: gcc -o conftest -g -O2  -D_LARGEFILE64_SOURCE   conftest.c   1>&5
configure:3097: checking for strtol
configure:3125: gcc -o conftest -g -O2  -D_LARGEFILE64_SOURCE   conftest.c   1>&5
configure:3097: checking for strtoul
configure:3125: gcc -o conftest -g -O2  -D_LARGEFILE64_SOURCE   conftest.c   1>&5
configure:3097: checking for tcgetattr
configure:3125: gcc -o conftest -g -O2  -D_LARGEFILE64_SOURCE   conftest.c   1>&5
configure:3097: checking for uname
configure:3125: gcc -o conftest -g -O2  -D_LARGEFILE64_SOURCE   conftest.c   1>&5
configure:3097: checking for sysconf
configure:3125: gcc -o conftest -g -O2  -D_LARGEFILE64_SOURCE   conftest.c   1>&5
configure:3097: checking for ulimit
configure:3125: gcc -o conftest -g -O2  -D_LARGEFILE64_SOURCE   conftest.c   1>&5
configure:3097: checking for times
configure:3125: gcc -o conftest -g -O2  -D_LARGEFILE64_SOURCE   conftest.c   1>&5
configure:3097: checking for tzset
configure:3125: gcc -o conftest -g -O2  -D_LARGEFILE64_SOURCE   conftest.c   1>&5
configure:3097: checking for siginterrupt
configure:3125: gcc -o conftest -g -O2  -D_LARGEFILE64_SOURCE   conftest.c   1>&5
configure:3097: checking for memmove
configure:3125: gcc -o conftest -g -O2  -D_LARGEFILE64_SOURCE   conftest.c   1>&5
configure:3109:6: warning: conflicting types for built-in function 'memmove'
 char $ac_func();
      ^~~~~~~
configure:3097: checking for ttyname
configure:3125: gcc -o conftest -g -O2  -D_LARGEFILE64_SOURCE   conftest.c   1>&5
configure:3097: checking for gethostbyname
configure:3125: gcc -o conftest -g -O2  -D_LARGEFILE64_SOURCE   conftest.c   1>&5
configure:3097: checking for getservbyname
configure:3125: gcc -o conftest -g -O2  -D_LARGEFILE64_SOURCE   conftest.c   1>&5
configure:3097: checking for inet_aton
configure:3125: gcc -o conftest -g -O2  -D_LARGEFILE64_SOURCE   conftest.c   1>&5
configure:3097: checking for strpbrk
configure:3125: gcc -o conftest -g -O2  -D_LARGEFILE64_SOURCE   conftest.c   1>&5
configure:3109:6: warning: conflicting types for built-in function 'strpbrk'
 char $ac_func();
      ^~~~~~~
configure:3097: checking for setvbuf
configure:3125: gcc -o conftest -g -O2  -D_LARGEFILE64_SOURCE   conftest.c   1>&5
configure:3097: checking for pathconf
configure:3125: gcc -o conftest -g -O2  -D_LARGEFILE64_SOURCE   conftest.c   1>&5
configure:3154: checking for libintl.h
configure:3164: gcc -E  -D_LARGEFILE64_SOURCE conftest.c >/dev/null 2>conftest.out
configure:3193: checking for gettext
configure:3221: gcc -o conftest -g -O2  -D_LARGEFILE64_SOURCE   conftest.c   1>&5
configure:3205:6: warning: conflicting types for built-in function 'gettext'
 char $ac_func();
      ^~~~~~~
configure:3193: checking for textdomain
configure:3221: gcc -o conftest -g -O2  -D_LARGEFILE64_SOURCE   conftest.c   1>&5
configure:3193: checking for bindtextdomain
configure:3221: gcc -o conftest -g -O2  -D_LARGEFILE64_SOURCE   conftest.c   1>&5
configure:3355: checking for dlopen in -ldl
configure:3374: gcc -o conftest -g -O2  -D_LARGEFILE64_SOURCE   conftest.c -ldl    1>&5
configure:3404: checking for dlopen
configure:3432: gcc -o conftest -g -O2  -D_LARGEFILE64_SOURCE   conftest.c -ldl   1>&5
configure:3404: checking for dlclose
configure:3432: gcc -o conftest -g -O2  -D_LARGEFILE64_SOURCE   conftest.c -ldl   1>&5
configure:3404: checking for dlsym
configure:3432: gcc -o conftest -g -O2  -D_LARGEFILE64_SOURCE   conftest.c -ldl   1>&5
configure:3459: checking for sys_siglist declaration in signal.h or unistd.h
configure:3476: gcc -c -g -O2  -D_LARGEFILE64_SOURCE conftest.c 1>&5
configure: In function 'main':
configure:3472:13: warning: initialization discards 'const' qualifier from pointer target type [-Wdiscarded-qualifiers]
 char *msg = *(sys_siglist + 1);
             ^
configure:3502: checking for dirent.h that defines DIR
configure:3515: gcc -c -g -O2  -D_LARGEFILE64_SOURCE conftest.c 1>&5
configure:3540: checking for opendir in -ldir
configure:3559: gcc -o conftest -g -O2  -D_LARGEFILE64_SOURCE   conftest.c -ldir  -ldl   1>&5
/usr/bin/x86_64-linux-gnu-ld: cannot find -ldir
collect2: error: ld returned 1 exit status
configure: failed program was:
#line 3548 "configure"
#include "confdefs.h"
/* Override any gcc2 internal prototype to avoid an error.  */
/* We use char because int might match the return type of a gcc2
    builtin and then its argument prototype would still apply.  */
char opendir();

int main() {
opendir()
; return 0; }
configure:3623: checking whether time.h and sys/time.h may both be included
configure:3637: gcc -c -g -O2  -D_LARGEFILE64_SOURCE conftest.c 1>&5
configure:3664: checking for unistd.h
configure:3674: gcc -E  -D_LARGEFILE64_SOURCE conftest.c >/dev/null 2>conftest.out
configure:3664: checking for stdlib.h
configure:3674: gcc -E  -D_LARGEFILE64_SOURCE conftest.c >/dev/null 2>conftest.out
configure:3664: checking for stdarg.h
configure:3674: gcc -E  -D_LARGEFILE64_SOURCE conftest.c >/dev/null 2>conftest.out
configure:3664: checking for varargs.h
configure:3674: gcc -E  -D_LARGEFILE64_SOURCE conftest.c >/dev/null 2>conftest.out
In file included from configure:3670:0:
/usr/lib/gcc/x86_64-linux-gnu/6/include/varargs.h:4:2: error: #error "GCC no longer implements <varargs.h>."
 #error "GCC no longer implements <varargs.h>."
  ^~~~~
/usr/lib/gcc/x86_64-linux-gnu/6/include/varargs.h:5:2: error: #error "Revise your code to use <stdarg.h>."
 #error "Revise your code to use <stdarg.h>."
  ^~~~~
configure: failed program was:
#line 3669 "configure"
#include "confdefs.h"
#include <varargs.h>
configure:3664: checking for limits.h
configure:3674: gcc -E  -D_LARGEFILE64_SOURCE conftest.c >/dev/null 2>conftest.out
configure:3664: checking for string.h
configure:3674: gcc -E  -D_LARGEFILE64_SOURCE conftest.c >/dev/null 2>conftest.out
configure:3664: checking for memory.h
configure:3674: gcc -E  -D_LARGEFILE64_SOURCE conftest.c >/dev/null 2>conftest.out
configure:3664: checking for locale.h
configure:3674: gcc -E  -D_LARGEFILE64_SOURCE conftest.c >/dev/null 2>conftest.out
configure:3664: checking for termcap.h
configure:3674: gcc -E  -D_LARGEFILE64_SOURCE conftest.c >/dev/null 2>conftest.out
configure:3664: checking for termio.h
configure:3674: gcc -E  -D_LARGEFILE64_SOURCE conftest.c >/dev/null 2>conftest.out
configure:3664: checking for termios.h
configure:3674: gcc -E  -D_LARGEFILE64_SOURCE conftest.c >/dev/null 2>conftest.out
configure:3664: checking for dlfcn.h
configure:3674: gcc -E  -D_LARGEFILE64_SOURCE conftest.c >/dev/null 2>conftest.out
configure:3664: checking for stddef.h
configure:3674: gcc -E  -D_LARGEFILE64_SOURCE conftest.c >/dev/null 2>conftest.out
configure:3664: checking for netdb.h
configure:3674: gcc -E  -D_LARGEFILE64_SOURCE conftest.c >/dev/null 2>conftest.out
configure:3706: checking for sys/ptem.h
configure:3716: gcc -E  -D_LARGEFILE64_SOURCE conftest.c >/dev/null 2>conftest.out
configure:3712:22: fatal error: sys/ptem.h: No such file or directory
 #include <$ac_hdr>
                      ^
compilation terminated.
configure: failed program was:
#line 3711 "configure"
#include "confdefs.h"
#include <sys/ptem.h>
configure:3706: checking for sys/pte.h
configure:3716: gcc -E  -D_LARGEFILE64_SOURCE conftest.c >/dev/null 2>conftest.out
configure:3712:21: fatal error: sys/pte.h: No such file or directory
 #include <$ac_hdr>
                     ^
compilation terminated.
configure: failed program was:
#line 3711 "configure"
#include "confdefs.h"
#include <sys/pte.h>
configure:3706: checking for sys/stream.h
configure:3716: gcc -E  -D_LARGEFILE64_SOURCE conftest.c >/dev/null 2>conftest.out
configure:3712:24: fatal error: sys/stream.h: No such file or directory
 #include <$ac_hdr>
                        ^
compilation terminated.
configure: failed program was:
#line 3711 "configure"
#include "confdefs.h"
#include <sys/stream.h>
configure:3706: checking for sys/select.h
configure:3716: gcc -E  -D_LARGEFILE64_SOURCE conftest.c >/dev/null 2>conftest.out
configure:3706: checking for sys/file.h
configure:3716: gcc -E  -D_LARGEFILE64_SOURCE conftest.c >/dev/null 2>conftest.out
configure:3706: checking for sys/resource.h
configure:3716: gcc -E  -D_LARGEFILE64_SOURCE conftest.c >/dev/null 2>conftest.out
configure:3706: checking for sys/param.h
configure:3716: gcc -E  -D_LARGEFILE64_SOURCE conftest.c >/dev/null 2>conftest.out
configure:3706: checking for sys/socket.h
configure:3716: gcc -E  -D_LARGEFILE64_SOURCE conftest.c >/dev/null 2>conftest.out
configure:3706: checking for sys/time.h
configure:3716: gcc -E  -D_LARGEFILE64_SOURCE conftest.c >/dev/null 2>conftest.out
configure:3706: checking for sys/times.h
configure:3716: gcc -E  -D_LARGEFILE64_SOURCE conftest.c >/dev/null 2>conftest.out
configure:3706: checking for sys/wait.h
configure:3716: gcc -E  -D_LARGEFILE64_SOURCE conftest.c >/dev/null 2>conftest.out
configure:3746: checking for netinet/in.h
configure:3756: gcc -E  -D_LARGEFILE64_SOURCE conftest.c >/dev/null 2>conftest.out
configure:3746: checking for arpa/inet.h
configure:3756: gcc -E  -D_LARGEFILE64_SOURCE conftest.c >/dev/null 2>conftest.out
configure:4057: checking for uid_t in sys/types.h
configure:4091: checking type of array argument to getgroups
configure:4124: gcc -o conftest -g -O2  -D_LARGEFILE64_SOURCE   conftest.c -ldl   1>&5
configure:4106:1: warning: return type defaults to 'int' [-Wimplicit-int]
 main()
 ^~~~
configure: In function 'main':
configure:4115:7: warning: implicit declaration of function 'getgroups' [-Wimplicit-function-declaration]
   n = getgroups (sizeof (gidset) / MAX (sizeof (int), sizeof (gid_t)) - 1,
       ^~~~~~~~~
configure:4119:3: warning: implicit declaration of function 'exit' [-Wimplicit-function-declaration]
   exit ((n > 0 && gidset[n] != val.gval) ? 1 : 0);
   ^~~~
configure:4119:3: warning: incompatible implicit declaration of built-in function 'exit'
configure:4119:3: note: include '<stdlib.h>' or provide a declaration of 'exit'
configure:4162: checking for ANSI C header files
configure:4175: gcc -E  -D_LARGEFILE64_SOURCE conftest.c >/dev/null 2>conftest.out
configure:4242: gcc -o conftest -g -O2  -D_LARGEFILE64_SOURCE   conftest.c -ldl   1>&5
configure: In function 'main':
configure:4237:67: warning: implicit declaration of function 'exit' [-Wimplicit-function-declaration]
 if (XOR (islower (i), ISLOWER (i)) || toupper (i) != TOUPPER (i)) exit(2);
                                                                   ^~~~
configure:4237:67: warning: incompatible implicit declaration of built-in function 'exit'
configure:4237:67: note: include '<stdlib.h>' or provide a declaration of 'exit'
configure:4238:1: warning: incompatible implicit declaration of built-in function 'exit'
 exit (0); }
 ^~~~
configure:4238:1: note: include '<stdlib.h>' or provide a declaration of 'exit'
configure:4266: checking for off_t
configure:4299: checking for mode_t
configure:4332: checking for uid_t in sys/types.h
configure:4366: checking for pid_t
configure:4399: checking for size_t
configure:4432: checking for time_t
configure:4466: checking return type of signal handlers
configure:4508: checking size of char
configure:4527: gcc -o conftest -g -O2  -D_LARGEFILE64_SOURCE   conftest.c -ldl   1>&5
configure:4518:1: warning: return type defaults to 'int' [-Wimplicit-int]
 main()
 ^~~~
configure: In function 'main':
configure:4521:11: warning: implicit declaration of function 'exit' [-Wimplicit-function-declaration]
   if (!f) exit(1);
           ^~~~
configure:4521:11: warning: incompatible implicit declaration of built-in function 'exit'
configure:4521:11: note: include '<stdlib.h>' or provide a declaration of 'exit'
configure:4522:16: warning: format '%d' expects argument of type 'int', but argument 3 has type 'long unsigned int' [-Wformat=]
   fprintf(f, "%d\n", sizeof(char));
                ^
configure:4523:3: warning: incompatible implicit declaration of built-in function 'exit'
   exit(0);
   ^~~~
configure:4523:3: note: include '<stdlib.h>' or provide a declaration of 'exit'
configure:4547: checking size of short
configure:4566: gcc -o conftest -g -O2  -D_LARGEFILE64_SOURCE   conftest.c -ldl   1>&5
configure:4557:1: warning: return type defaults to 'int' [-Wimplicit-int]
 main()
 ^~~~
configure: In function 'main':
configure:4560:11: warning: implicit declaration of function 'exit' [-Wimplicit-function-declaration]
   if (!f) exit(1);
           ^~~~
configure:4560:11: warning: incompatible implicit declaration of built-in function 'exit'
configure:4560:11: note: include '<stdlib.h>' or provide a declaration of 'exit'
configure:4561:16: warning: format '%d' expects argument of type 'int', but argument 3 has type 'long unsigned int' [-Wformat=]
   fprintf(f, "%d\n", sizeof(short));
                ^
configure:4562:3: warning: incompatible implicit declaration of built-in function 'exit'
   exit(0);
   ^~~~
configure:4562:3: note: include '<stdlib.h>' or provide a declaration of 'exit'
configure:4586: checking size of int
configure:4605: gcc -o conftest -g -O2  -D_LARGEFILE64_SOURCE   conftest.c -ldl   1>&5
configure:4596:1: warning: return type defaults to 'int' [-Wimplicit-int]
 main()
 ^~~~
configure: In function 'main':
configure:4599:11: warning: implicit declaration of function 'exit' [-Wimplicit-function-declaration]
   if (!f) exit(1);
           ^~~~
configure:4599:11: warning: incompatible implicit declaration of built-in function 'exit'
configure:4599:11: note: include '<stdlib.h>' or provide a declaration of 'exit'
configure:4600:16: warning: format '%d' expects argument of type 'int', but argument 3 has type 'long unsigned int' [-Wformat=]
   fprintf(f, "%d\n", sizeof(int));
                ^
configure:4601:3: warning: incompatible implicit declaration of built-in function 'exit'
   exit(0);
   ^~~~
configure:4601:3: note: include '<stdlib.h>' or provide a declaration of 'exit'
configure:4625: checking size of long
configure:4644: gcc -o conftest -g -O2  -D_LARGEFILE64_SOURCE   conftest.c -ldl   1>&5
configure:4635:1: warning: return type defaults to 'int' [-Wimplicit-int]
 main()
 ^~~~
configure: In function 'main':
configure:4638:11: warning: implicit declaration of function 'exit' [-Wimplicit-function-declaration]
   if (!f) exit(1);
           ^~~~
configure:4638:11: warning: incompatible implicit declaration of built-in function 'exit'
configure:4638:11: note: include '<stdlib.h>' or provide a declaration of 'exit'
configure:4639:16: warning: format '%d' expects argument of type 'int', but argument 3 has type 'long unsigned int' [-Wformat=]
   fprintf(f, "%d\n", sizeof(long));
                ^
configure:4640:3: warning: incompatible implicit declaration of built-in function 'exit'
   exit(0);
   ^~~~
configure:4640:3: note: include '<stdlib.h>' or provide a declaration of 'exit'
configure:4664: checking size of char *
configure:4683: gcc -o conftest -g -O2  -D_LARGEFILE64_SOURCE   conftest.c -ldl   1>&5
configure:4674:1: warning: return type defaults to 'int' [-Wimplicit-int]
 main()
 ^~~~
configure: In function 'main':
configure:4677:11: warning: implicit declaration of function 'exit' [-Wimplicit-function-declaration]
   if (!f) exit(1);
           ^~~~
configure:4677:11: warning: incompatible implicit declaration of built-in function 'exit'
configure:4677:11: note: include '<stdlib.h>' or provide a declaration of 'exit'
configure:4678:16: warning: format '%d' expects argument of type 'int', but argument 3 has type 'long unsigned int' [-Wformat=]
   fprintf(f, "%d\n", sizeof(char *));
                ^
configure:4679:3: warning: incompatible implicit declaration of built-in function 'exit'
   exit(0);
   ^~~~
configure:4679:3: note: include '<stdlib.h>' or provide a declaration of 'exit'
configure:4703: checking size of double
configure:4722: gcc -o conftest -g -O2  -D_LARGEFILE64_SOURCE   conftest.c -ldl   1>&5
configure:4713:1: warning: return type defaults to 'int' [-Wimplicit-int]
 main()
 ^~~~
configure: In function 'main':
configure:4716:11: warning: implicit declaration of function 'exit' [-Wimplicit-function-declaration]
   if (!f) exit(1);
           ^~~~
configure:4716:11: warning: incompatible implicit declaration of built-in function 'exit'
configure:4716:11: note: include '<stdlib.h>' or provide a declaration of 'exit'
configure:4717:16: warning: format '%d' expects argument of type 'int', but argument 3 has type 'long unsigned int' [-Wformat=]
   fprintf(f, "%d\n", sizeof(double));
                ^
configure:4718:3: warning: incompatible implicit declaration of built-in function 'exit'
   exit(0);
   ^~~~
configure:4718:3: note: include '<stdlib.h>' or provide a declaration of 'exit'
configure:4743: checking for u_int
configure:4776: checking for u_long
configure:4812: checking for bits16_t
configure:4917: checking for u_bits16_t
configure:5022: checking for bits32_t
configure:5127: checking for u_bits32_t
configure:5266: checking for bits64_t
configure:5406: checking for ptrdiff_t
configure:5476: checking whether stat file-mode macros are broken
configure:5533: checking whether byte ordering is bigendian
configure:5551: gcc -c -g -O2  -D_LARGEFILE64_SOURCE conftest.c 1>&5
configure:5566: gcc -c -g -O2  -D_LARGEFILE64_SOURCE conftest.c 1>&5
configure: In function 'main':
configure:5561:2: error: unknown type name 'not'
  not big endian
  ^~~
configure:5561:10: error: expected '=', ',', ';', 'asm' or '__attribute__' before 'endian'
  not big endian
          ^~~~~~
configure: failed program was:
#line 5555 "configure"
#include "confdefs.h"
#include <sys/types.h>
#include <sys/param.h>
int main() {

#if BYTE_ORDER != BIG_ENDIAN
 not big endian
#endif
; return 0; }
configure:5626: checking whether #! works in shell scripts
configure:5653: checking for restartable system calls
configure:5679: gcc -o conftest -g -O2  -D_LARGEFILE64_SOURCE   conftest.c -ldl   1>&5
configure:5667:1: warning: return type defaults to 'int' [-Wimplicit-int]
 ucatch (isig) { }
 ^~~~~~
configure: In function 'ucatch':
configure:5667:1: warning: type of 'isig' defaults to 'int' [-Wimplicit-int]
configure: At top level:
configure:5668:1: warning: return type defaults to 'int' [-Wimplicit-int]
 main () {
 ^~~~
configure: In function 'main':
configure:5669:11: warning: implicit declaration of function 'fork' [-Wimplicit-function-declaration]
   int i = fork (), status;
           ^~~~
configure:5670:17: warning: implicit declaration of function 'sleep' [-Wimplicit-function-declaration]
   if (i == 0) { sleep (3); kill (getppid (), SIGINT); sleep (3); exit (0); }
                 ^~~~~
configure:5670:34: warning: implicit declaration of function 'getppid' [-Wimplicit-function-declaration]
   if (i == 0) { sleep (3); kill (getppid (), SIGINT); sleep (3); exit (0); }
                                  ^~~~~~~
configure:5670:66: warning: implicit declaration of function 'exit' [-Wimplicit-function-declaration]
   if (i == 0) { sleep (3); kill (getppid (), SIGINT); sleep (3); exit (0); }
                                                                  ^~~~
configure:5670:66: warning: incompatible implicit declaration of built-in function 'exit'
configure:5670:66: note: include '<stdlib.h>' or provide a declaration of 'exit'
configure:5671:19: warning: passing argument 2 of 'signal' from incompatible pointer type [-Wincompatible-pointer-types]
   signal (SIGINT, ucatch);
                   ^~~~~~
In file included from configure:5666:0:
/usr/include/signal.h:88:23: note: expected '__sighandler_t {aka void (*)(int)}' but argument is of type 'int (*)()'
 extern __sighandler_t signal (int __sig, __sighandler_t __handler)
                       ^~~~~~
configure:5672:12: warning: implicit declaration of function 'wait' [-Wimplicit-function-declaration]
   status = wait(&i);
            ^~~~
configure:5674:3: warning: incompatible implicit declaration of built-in function 'exit'
   exit (status == -1);
   ^~~~
configure:5674:3: note: include '<stdlib.h>' or provide a declaration of 'exit'
configure:5742: checking if dup2 fails to clear the close-on-exec flag
configure:5771: gcc -o conftest -g -O2  -D_LARGEFILE64_SOURCE   conftest.c -ldl   1>&5
configure:5755:1: warning: return type defaults to 'int' [-Wimplicit-int]
 main()
 ^~~~
configure: In function 'main':
configure:5760:5: warning: implicit declaration of function 'exit' [-Wimplicit-function-declaration]
     exit(1);
     ^~~~
configure:5760:5: warning: incompatible implicit declaration of built-in function 'exit'
configure:5760:5: note: include '<stdlib.h>' or provide a declaration of 'exit'
configure:5761:9: warning: implicit declaration of function 'dup2' [-Wimplicit-function-declaration]
   fd2 = dup2(fd1, 1);
         ^~~~
configure:5763:5: warning: incompatible implicit declaration of built-in function 'exit'
     exit(2);
     ^~~~
configure:5763:5: note: include '<stdlib.h>' or provide a declaration of 'exit'
configure:5766:3: warning: incompatible implicit declaration of built-in function 'exit'
   exit(fl != 1);
   ^~~~
configure:5766:3: note: include '<stdlib.h>' or provide a declaration of 'exit'
configure: failed program was:
#line 5751 "configure"
#include "confdefs.h"

#include <sys/types.h>
#include <fcntl.h>
main()
{
  int fd1, fd2, fl;
  fd1 = open("/dev/null", 2);
  if (fcntl(fd1, 2, 1) < 0)
    exit(1);
  fd2 = dup2(fd1, 1);
  if (fd2 < 0)
    exit(2);
  fl = fcntl(fd2, 1, 0);
  /* fl will be 1 if dup2 did not reset the close-on-exec flag. */
  exit(fl != 1);
}

configure:5796: checking whether pgrps need synchronization
configure:5857: gcc -o conftest -g -O2  -D_LARGEFILE64_SOURCE   conftest.c -ldl   1>&5
configure:5810:1: warning: return type defaults to 'int' [-Wimplicit-int]
 main()
 ^~~~
configure: In function 'main':
configure:5824:6: warning: implicit declaration of function 'exit' [-Wimplicit-function-declaration]
      exit(1);
      ^~~~
configure:5824:6: warning: incompatible implicit declaration of built-in function 'exit'
configure:5824:6: note: include '<stdlib.h>' or provide a declaration of 'exit'
configure:5834:4: warning: incompatible implicit declaration of built-in function 'exit'
    exit(2);
    ^~~~
configure:5834:4: note: include '<stdlib.h>' or provide a declaration of 'exit'
configure:5838:6: warning: incompatible implicit declaration of built-in function 'exit'
      exit(3);
      ^~~~
configure:5838:6: note: include '<stdlib.h>' or provide a declaration of 'exit'
configure:5849:4: warning: incompatible implicit declaration of built-in function 'exit'
    exit(4);
    ^~~~
configure:5849:4: note: include '<stdlib.h>' or provide a declaration of 'exit'
configure:5850:2: warning: implicit declaration of function 'wait' [-Wimplicit-function-declaration]
  wait(&status);
  ^~~~
configure:5852:2: warning: incompatible implicit declaration of built-in function 'exit'
  exit(ok ? 0 : 5);
  ^~~~
configure:5852:2: note: include '<stdlib.h>' or provide a declaration of 'exit'
configure:5842:6: warning: ignoring return value of 'write', declared with attribute warn_unused_result [-Wunused-result]
      write(fds[1], &ok, 1);
      ^~~~~~~~~~~~~~~~~~~~~
configure:5882: checking for type of signal functions
configure:5901: gcc -o conftest -g -O2  -D_LARGEFILE64_SOURCE   conftest.c -ldl   1>&5
configure:6055: checking for sys_errlist and sys_nerr
configure:6069: gcc -o conftest -g -O2  -D_LARGEFILE64_SOURCE   conftest.c -ldl   1>&5
configure:6090: checking for sys_siglist in system C library
configure:6116: gcc -o conftest -g -O2  -D_LARGEFILE64_SOURCE   conftest.c -ldl   1>&5
configure:6109:1: warning: return type defaults to 'int' [-Wimplicit-int]
 main()
 ^~~~
configure: In function 'main':
configure:6111:13: warning: initialization discards 'const' qualifier from pointer target type [-Wdiscarded-qualifiers]
 char *msg = sys_siglist[2];
             ^~~~~~~~~~~
configure:6112:1: warning: implicit declaration of function 'exit' [-Wimplicit-function-declaration]
 exit(msg == 0);
 ^~~~
configure:6112:1: warning: incompatible implicit declaration of built-in function 'exit'
configure:6112:1: note: include '<stdlib.h>' or provide a declaration of 'exit'
configure:6139: checking for _sys_siglist in signal.h or unistd.h
configure:6156: gcc -c -g -O2  -D_LARGEFILE64_SOURCE conftest.c 1>&5
configure: In function 'main':
configure:6152:14: warning: initialization discards 'const' qualifier from pointer target type [-Wdiscarded-qualifiers]
  char *msg = _sys_siglist[2];
              ^~~~~~~~~~~~
configure:6177: checking for _sys_siglist in system C library
configure:6203: gcc -o conftest -g -O2  -D_LARGEFILE64_SOURCE   conftest.c -ldl   1>&5
configure:6196:1: warning: return type defaults to 'int' [-Wimplicit-int]
 main()
 ^~~~
configure: In function 'main':
configure:6199:1: warning: implicit declaration of function 'exit' [-Wimplicit-function-declaration]
 exit(msg == 0);
 ^~~~
configure:6199:1: warning: incompatible implicit declaration of built-in function 'exit'
configure:6199:1: note: include '<stdlib.h>' or provide a declaration of 'exit'
configure:6227: checking whether signal handlers are of type void
configure:6247: gcc -c -g -O2  -D_LARGEFILE64_SOURCE conftest.c 1>&5
configure:6267: checking for clock_t
configure:6303: checking for sigset_t
configure:6339: checking for quad_t
configure:6380: checking for size and type of struct rlimit fields
configure:6393: gcc -c -g -O2  -D_LARGEFILE64_SOURCE conftest.c 1>&5
configure:6454: checking for a c_line member of struct termios
configure:6467: gcc -c -g -O2  -D_LARGEFILE64_SOURCE conftest.c 1>&5
configure:6487: checking for a c_line member of struct termio
configure:6500: gcc -c -g -O2  -D_LARGEFILE64_SOURCE conftest.c 1>&5
configure:6521: checking if struct dirent has a d_ino member
configure:6555: gcc -c -g -O2  -D_LARGEFILE64_SOURCE conftest.c 1>&5
configure:6577: checking if struct dirent has a d_fileno member
configure:6611: gcc -c -g -O2  -D_LARGEFILE64_SOURCE conftest.c 1>&5
configure:6632: checking for struct winsize in sys/ioctl.h and termios.h
configure:6645: gcc -c -g -O2  -D_LARGEFILE64_SOURCE conftest.c 1>&5
configure:6693: checking for struct timeval in sys/time.h and time.h
configure:6740: checking for the existence of strsignal
configure:6753: gcc -o conftest -g -O2  -D_LARGEFILE64_SOURCE   conftest.c -ldl   1>&5
configure: In function 'main':
configure:6749:19: warning: implicit declaration of function 'strsignal' [-Wimplicit-function-declaration]
 char *s = (char *)strsignal(2);
                   ^~~~~~~~~
configure:6749:11: warning: cast to pointer from integer of different size [-Wint-to-pointer-cast]
 char *s = (char *)strsignal(2);
           ^
configure:6774: checking if opendir() opens non-directories
configure:6826: gcc -o conftest -g -O2  -D_LARGEFILE64_SOURCE   conftest.c -ldl   1>&5
configure:6806:1: warning: return type defaults to 'int' [-Wimplicit-int]
 main()
 ^~~~
configure: In function 'main':
configure:6810:7: warning: implicit declaration of function 'mkdir' [-Wimplicit-function-declaration]
 err = mkdir("/tmp/bash-aclocal", 0700);
       ^~~~~
configure:6813:3: warning: implicit declaration of function 'exit' [-Wimplicit-function-declaration]
   exit(1);
   ^~~~
configure:6813:3: warning: incompatible implicit declaration of built-in function 'exit'
configure:6813:3: note: include '<stdlib.h>' or provide a declaration of 'exit'
configure:6822:1: warning: incompatible implicit declaration of built-in function 'exit'
 exit (dir == 0);
 ^~~~
configure:6822:1: note: include '<stdlib.h>' or provide a declaration of 'exit'
configure:6817:1: warning: ignoring return value of 'write', declared with attribute warn_unused_result [-Wunused-result]
 write(fd, "\n", 1);
 ^~~~~~~~~~~~~~~~~~
configure: failed program was:
#line 6784 "configure"
#include "confdefs.h"

#include <stdio.h>
#include <sys/types.h>
#include <fcntl.h>
#ifdef HAVE_UNISTD_H
# include <unistd.h>
#endif /* HAVE_UNISTD_H */
#if defined(HAVE_DIRENT_H)
# include <dirent.h>
#else
# define dirent direct
# ifdef HAVE_SYS_NDIR_H
#  include <sys/ndir.h>
# endif /* SYSNDIR */
# ifdef HAVE_SYS_DIR_H
#  include <sys/dir.h>
# endif /* SYSDIR */
# ifdef HAVE_NDIR_H
#  include <ndir.h>
# endif
#endif /* HAVE_DIRENT_H */
main()
{
DIR *dir;
int fd, err;
err = mkdir("/tmp/bash-aclocal", 0700);
if (err < 0) {
  perror("mkdir");
  exit(1);
}
unlink("/tmp/bash-aclocal/not_a_directory");
fd = open("/tmp/bash-aclocal/not_a_directory", O_WRONLY|O_CREAT|O_EXCL, 0666);
write(fd, "\n", 1);
close(fd);
dir = opendir("/tmp/bash-aclocal/not_a_directory");
unlink("/tmp/bash-aclocal/not_a_directory");
rmdir("/tmp/bash-aclocal");
exit (dir == 0);
}
configure:6849: checking for declaration of printf in <stdio.h>
configure:6876: gcc -o conftest -g -O2  -D_LARGEFILE64_SOURCE   conftest.c -ldl   1>&5
configure:6867:1: warning: return type defaults to 'int' [-Wimplicit-int]
 main()
 ^~~~
configure: In function 'main':
configure:6871:1: warning: implicit declaration of function 'exit' [-Wimplicit-function-declaration]
 exit(pf == 0);
 ^~~~
configure:6871:1: warning: incompatible implicit declaration of built-in function 'exit'
configure:6871:1: note: include '<stdlib.h>' or provide a declaration of 'exit'
configure:6899: checking whether ulimit can substitute for getdtablesize
configure:6919: gcc -o conftest -g -O2  -D_LARGEFILE64_SOURCE   conftest.c -ldl   1>&5
configure:6911:1: warning: return type defaults to 'int' [-Wimplicit-int]
 main()
 ^~~~
configure: In function 'main':
configure:6913:15: warning: implicit declaration of function 'ulimit' [-Wimplicit-function-declaration]
 long maxfds = ulimit(4, 0L);
               ^~~~~~
configure:6914:1: warning: implicit declaration of function 'exit' [-Wimplicit-function-declaration]
 exit (maxfds == -1L);
 ^~~~
configure:6914:1: warning: incompatible implicit declaration of built-in function 'exit'
configure:6914:1: note: include '<stdlib.h>' or provide a declaration of 'exit'
configure:6942: checking to see if getenv can be redefined
configure:6987: gcc -o conftest -g -O2  -D_LARGEFILE64_SOURCE   conftest.c -ldl   1>&5
configure:6972:1: warning: return type defaults to 'int' [-Wimplicit-int]
 main()
 ^~~~
configure: In function 'main':
configure:6982:1: warning: implicit declaration of function 'exit' [-Wimplicit-function-declaration]
 exit(s == 0); /* force optimizer to leave getenv in */
 ^~~~
configure:6982:1: warning: incompatible implicit declaration of built-in function 'exit'
configure:6982:1: note: include '<stdlib.h>' or provide a declaration of 'exit'
configure:7010: checking if getcwd() calls popen()
configure:7075: gcc -o conftest -g -O2  -D_LARGEFILE64_SOURCE   conftest.c -ldl   1>&5
configure:7065:1: warning: return type defaults to 'int' [-Wimplicit-int]
 main()
 ^~~~
configure: In function 'main':
configure:7070:2: warning: implicit declaration of function 'exit' [-Wimplicit-function-declaration]
  exit (popen_called);
  ^~~~
configure:7070:2: warning: incompatible implicit declaration of built-in function 'exit'
configure:7070:2: note: include '<stdlib.h>' or provide a declaration of 'exit'
configure:7069:2: warning: ignoring return value of 'getcwd', declared with attribute warn_unused_result [-Wunused-result]
  getcwd(lbuf, 32);
  ^~~~~~~~~~~~~~~~
configure:7098: checking for declaration of sbrk in <unistd.h>
configure:7129: checking for presence of POSIX-style sigsetjmp/siglongjmp
configure:7180: gcc -o conftest -g -O2  -D_LARGEFILE64_SOURCE   conftest.c -ldl   1>&5
configure:7148:1: warning: return type defaults to 'int' [-Wimplicit-int]
 main()
 ^~~~
configure: In function 'main':
configure:7167:3: warning: implicit declaration of function 'exit' [-Wimplicit-function-declaration]
   exit(0); /* could get sigmask and compare to oset here. */
   ^~~~
configure:7167:3: warning: incompatible implicit declaration of built-in function 'exit'
configure:7167:3: note: include '<stdlib.h>' or provide a declaration of 'exit'
configure:7175:1: warning: incompatible implicit declaration of built-in function 'exit'
 exit(1);
 ^~~~
configure:7175:1: note: include '<stdlib.h>' or provide a declaration of 'exit'
configure:7204: checking whether or not strcoll and strcmp differ
configure:7253: gcc -o conftest -g -O2  -D_LARGEFILE64_SOURCE   conftest.c -ldl   1>&5
configure:7221:1: warning: return type defaults to 'int' [-Wimplicit-int]
 main(c, v)
 ^~~~
configure: In function 'main':
configure:7235:14: warning: implicit declaration of function 'strcoll' [-Wimplicit-function-declaration]
         r1 = strcoll("abd", "aXd");
              ^~~~~~~
configure:7239:14: warning: implicit declaration of function 'strcmp' [-Wimplicit-function-declaration]
         r2 = strcmp("abd", "aXd");
              ^~~~~~
configure:7248:2: warning: implicit declaration of function 'exit' [-Wimplicit-function-declaration]
  exit (r1 > 0 && r2 > 0);
  ^~~~
configure:7248:2: warning: incompatible implicit declaration of built-in function 'exit'
configure:7248:2: note: include '<stdlib.h>' or provide a declaration of 'exit'
configure: failed program was:
#line 7214 "configure"
#include "confdefs.h"

#include <stdio.h>
#if defined (HAVE_LOCALE_H)
#include <locale.h>
#endif

main(c, v)
int     c;
char    *v[];
{
        int     r1, r2;
        char    *deflocale, *defcoll;

#ifdef HAVE_SETLOCALE
        deflocale = setlocale(LC_ALL, "");
	defcoll = setlocale(LC_COLLATE, "");
#endif

#ifdef HAVE_STRCOLL
	/* These two values are taken from tests/glob-test. */
        r1 = strcoll("abd", "aXd");
#else
	r1 = 0;
#endif
        r2 = strcmp("abd", "aXd");

	/* These two should both be greater than 0.  It is permissible for
	   a system to return different values, as long as the sign is the
	   same. */

        /* Exit with 1 (failure) if these two values are both > 0, since
	   this tests whether strcoll(3) is broken with respect to strcmp(3)
	   in the default locale. */
	exit (r1 > 0 && r2 > 0);
}

configure:7279: checking if signal handlers must be reinstalled when invoked
configure:7336: gcc -o conftest -g -O2  -D_LARGEFILE64_SOURCE   conftest.c -ldl   1>&5
configure:7325:1: warning: return type defaults to 'int' [-Wimplicit-int]
 main()
 ^~~~
configure: In function 'main':
configure:7331:2: warning: implicit declaration of function 'exit' [-Wimplicit-function-declaration]
  exit(nsigint != 2);
  ^~~~
configure:7331:2: warning: incompatible implicit declaration of built-in function 'exit'
configure:7331:2: note: include '<stdlib.h>' or provide a declaration of 'exit'
configure:7360: checking for presence of necessary job control definitions
configure:7417: gcc -o conftest -g -O2  -D_LARGEFILE64_SOURCE   conftest.c -ldl   1>&5
configure:7382:1: warning: return type defaults to 'int' [-Wimplicit-int]
 main()
 ^~~~
configure: In function 'main':
configure:7413:1: warning: implicit declaration of function 'exit' [-Wimplicit-function-declaration]
 exit(0);
 ^~~~
configure:7413:1: warning: incompatible implicit declaration of built-in function 'exit'
configure:7413:1: note: include '<stdlib.h>' or provide a declaration of 'exit'
configure:7440: checking for presence of named pipes
configure:7491: gcc -o conftest -g -O2  -D_LARGEFILE64_SOURCE   conftest.c -ldl   1>&5
configure:7459:1: warning: return type defaults to 'int' [-Wimplicit-int]
 main()
 ^~~~
configure: In function 'main':
configure:7464:1: warning: implicit declaration of function 'exit' [-Wimplicit-function-declaration]
 exit (0);
 ^~~~
configure:7464:1: warning: incompatible implicit declaration of built-in function 'exit'
configure:7464:1: note: include '<stdlib.h>' or provide a declaration of 'exit'
configure:7476:3: warning: implicit declaration of function 'perror' [-Wimplicit-function-declaration]
   perror ("mkdir");
   ^~~~~~
configure:7515: checking for TIOCGWINSZ in sys/ioctl.h
configure:7528: gcc -c -g -O2  -D_LARGEFILE64_SOURCE conftest.c 1>&5
configure:7549: checking for TIOCSTAT in sys/ioctl.h
configure:7562: gcc -c -g -O2  -D_LARGEFILE64_SOURCE conftest.c 1>&5
configure: In function 'main':
configure:7558:9: error: 'TIOCSTAT' undeclared (first use in this function)
 int x = TIOCSTAT;
         ^~~~~~~~
configure:7558:9: note: each undeclared identifier is reported only once for each function it appears in
configure: failed program was:
#line 7554 "configure"
#include "confdefs.h"
#include <sys/types.h>
#include <sys/ioctl.h>
int main() {
int x = TIOCSTAT;
; return 0; }
configure:7583: checking for FIONREAD in sys/ioctl.h
configure:7596: gcc -c -g -O2  -D_LARGEFILE64_SOURCE conftest.c 1>&5
configure:7618: checking for speed_t in sys/types.h
configure:7630: gcc -c -g -O2  -D_LARGEFILE64_SOURCE conftest.c 1>&5
configure: In function 'main':
configure:7626:1: error: unknown type name 'speed_t'
 speed_t x;
 ^~~~~~~
configure: failed program was:
#line 7623 "configure"
#include "confdefs.h"
#include <sys/types.h>
int main() {
speed_t x;
; return 0; }
configure:7651: checking whether getpw functions are declared in pwd.h
configure:7687: checking for unusable real-time signals due to large values
configure:7719: gcc -o conftest -g -O2  -D_LARGEFILE64_SOURCE   conftest.c -ldl   1>&5
configure:7706:1: warning: return type defaults to 'int' [-Wimplicit-int]
 main ()
 ^~~~
configure: In function 'main':
configure:7715:3: warning: implicit declaration of function 'exit' [-Wimplicit-function-declaration]
   exit(rtmin < n_sigs);
   ^~~~
configure:7715:3: warning: incompatible implicit declaration of built-in function 'exit'
configure:7715:3: note: include '<stdlib.h>' or provide a declaration of 'exit'
configure: failed program was:
#line 7697 "configure"
#include "confdefs.h"

#include <sys/types.h>
#include <signal.h>

#ifndef NSIG
#  define NSIG 64
#endif

main ()
{
  int n_sigs = 2 * NSIG;
#ifdef SIGRTMIN
  int rtmin = SIGRTMIN;
#else
  int rtmin = 0;
#endif

  exit(rtmin < n_sigs);
}
configure:7826: checking for tgetent in -ltermcap
configure:7845: gcc -o conftest -g -O2  -D_LARGEFILE64_SOURCE   conftest.c -ltermcap  -ldl   1>&5
configure:7950: checking which library has the termcap functions
configure:7973: checking whether /dev/fd is available
configure:8009: checking whether /dev/stdin stdout stderr are available
configure:8032: checking for default mail directory
configure:8168: checking shared object configuration for loadable builtins
